Batch results: 0.26204487681388855|0.2584678530693054|0.27222347259521484|0.2104148417711258|
Batch results: 0.2901904582977295|0.24785111844539642|0.2973904609680176|0.2492397129535675|
Batch results: 0.27914655208587646|0.31328085064888|0.263593852519989|0.26485058665275574|
Batch results: 0.29207104444503784|0.24301931262016296|0.2678939700126648|0.31428512930870056|
Batch results: 0.27224186062812805|0.29431185126304626|0.2515304684638977|0.3003940284252167|
Batch results: 0.2666313350200653|0.3248889446258545|0.28252995014190674|0.26962125301361084|
Batch results: 0.2767663300037384|0.258386492729187|0.30446845293045044|0.2789250910282135|
Batch results: 0.2562035620212555|0.22770240902900696|0.23805898427963257|0.29347914457321167|
Batch results: 0.28088563680648804|0.25306570529937744|0.29040148854255676|0.29986268281936646|
Batch results: 0.2574489116668701|0.2236698716878891|0.21791325509548187|0.2242860496044159|
Batch results: 0.23558297753334045|0.2607450485229492|0.234112948179245|0.24918308854103088|
Batch results: 0.2547643780708313|0.23895108699798584|0.262900710105896|0.2891198694705963|
Batch results: 0.2420765459537506|0.26723793148994446|0.26129209995269775|0.2685377299785614|
Batch results: 0.31161558628082275|0.2558889389038086|0.288612961769104|0.2773702144622803|
Batch results: 0.31347450613975525|0.23597179353237152|0.2565828859806061|0.2849482595920563|
Batch results: 0.25777187943458557|0.2997422218322754|0.2839354872703552|0.2794458270072937|
Batch results: 0.24840542674064636|0.28014981746673584|0.2607190012931824|0.24616120755672455|
Batch results: 0.2742871642112732|0.2444438487291336|0.26343294978141785|0.26366326212882996|
Batch results: 0.31697458028793335|0.2640760540962219|0.26407644152641296|0.2759270966053009|
Batch results: 0.24952931702136993|0.22394371032714844|0.2649439573287964|0.2697857618331909|
Batch results: 0.25604483485221863|0.24389992654323578|0.2663058936595917|0.2834889590740204|
Batch results: 0.2897077798843384|0.2702285051345825|0.2677661180496216|0.2670347988605499|
Batch results: 0.3078702688217163|0.2290196567773819|0.3043089807033539|0.2673513889312744|
Batch results: 0.25216901302337646|0.24571527540683746|0.24966879189014435|0.26141947507858276|
Batch results: 0.24389007687568665|0.2887476980686188|0.31544026732444763|0.28676745295524597|
Batch results: 0.2903328537940979|0.29078608751296997|0.24525511264801025|0.22399470210075378|
Batch results: 0.2766728103160858|0.2423640936613083|0.2570244073867798|0.2984260320663452|
Batch results: 0.26792168617248535|0.2918901741504669|0.2871757745742798|0.24894103407859802|
Batch results: 0.28065040707588196|0.24424409866333008|0.25044718384742737|0.24620899558067322|
Batch results: 0.26605647802352905|0.25463348627090454|0.267414927482605|0.30111953616142273|
Batch results: 0.28511127829551697|0.25009092688560486|0.2451968640089035|0.3029925525188446|
Batch results: 0.251522034406662|0.29549935460090637|0.27327436208724976|0.26799899339675903|
Batch results: 0.26248976588249207|0.2587447166442871|0.2827874720096588|0.2500934302806854|
Batch results: 0.28748229146003723|0.2538641095161438|0.2669045329093933|0.27761390805244446|
Batch results: 0.27279117703437805|0.2899291217327118|0.281569242477417|0.2788683772087097|
Batch results: 0.2521648108959198|0.2840910851955414|0.30771878361701965|0.26752689480781555|
Batch results: 0.2715412676334381|0.323004812002182|0.28617385029792786|0.29593074321746826|
Batch results: 0.26132336258888245|0.24115151166915894|0.32137855887413025|0.339979350566864|
Batch results: 0.29185688495635986|0.2602250576019287|0.3006063401699066|0.28140780329704285|
Batch results: 0.3089604675769806|0.2712506055831909|0.3005337417125702|0.2564191520214081|
Batch results: 0.2685072720050812|0.2413252592086792|0.23322197794914246|0.30052444338798523|
Batch results: 0.2594427466392517|0.2538677155971527|0.30907726287841797|0.2769593298435211|
Batch results: 0.27345800399780273|0.263898640871048|0.25864943861961365|0.25245875120162964|
Batch results: 0.23476552963256836|0.28334689140319824|0.2872413992881775|0.22973257303237915|
Batch results: 0.28846725821495056|0.3290010690689087|0.28848597407341003|0.24220922589302063|
Batch results: 0.27877363562583923|0.2403310388326645|0.2739086151123047|0.2650716006755829|
Batch results: 0.25114521384239197|0.23280565440654755|0.24243375658988953|0.25120556354522705|
Batch results: 0.23702239990234375|0.29357099533081055|0.23314085602760315|0.2919144928455353|
Batch results: 0.2866467237472534|0.2762296497821808|0.2673330307006836|0.25380370020866394|
Batch results: 0.2457035481929779|0.22306938469409943|0.2392096370458603|0.30359697341918945|
Batch results: 0.25671103596687317|0.2800552546977997|0.28272077441215515|0.25718751549720764|
Batch results: 0.23492801189422607|0.2974875569343567|0.24405908584594727|0.24634550511837006|
Batch results: 0.2728203535079956|0.3059934377670288|0.283895879983902|0.27051374316215515|
Batch results: 0.27080368995666504|0.23542559146881104|0.3137347400188446|0.3082834482192993|
Batch results: 0.26515576243400574|0.29226920008659363|0.31391221284866333|0.27795952558517456|
Batch results: 0.28114980459213257|0.2464526891708374|0.25688958168029785|0.2864530682563782|
Batch results: 0.2584537863731384|0.24889139831066132|0.2876976728439331|0.23605310916900635|
Batch results: 0.25424790382385254|0.2396479696035385|0.28571635484695435|0.27169525623321533|
Batch results: 0.25060606002807617|0.28242093324661255|0.32887181639671326|0.2914208769798279|
Batch results: 0.24792520701885223|0.2687678933143616|0.3010390102863312|0.3136102855205536|
Batch results: 0.2833082377910614|0.29812854528427124|0.2157629281282425|0.2774161100387573|
Batch results: 0.25950488448143005|0.2688979506492615|0.25230029225349426|0.22494511306285858|
Batch results: 0.25062933564186096|0.2739797532558441|0.25602665543556213|0.2848665714263916|
Batch results: 0.2879408597946167|0.2635996639728546|0.2803398370742798|0.2906040847301483|
Batch results: 0.3121776580810547|0.25117260217666626|0.262226402759552|0.23895315825939178|
Batch results: 0.2692926824092865|0.3010384142398834|0.25326281785964966|0.22520361840724945|
Batch results: 0.24012231826782227|0.24364501237869263|0.2689622938632965|0.23136462271213531|
Batch results: 0.2882625162601471|0.29475486278533936|0.30084100365638733|0.26105237007141113|
Batch results: 0.22316764295101166|0.2768227458000183|0.2674219608306885|0.21342243254184723|
Batch results: 0.24676251411437988|0.2858550548553467|0.28268295526504517|0.3143194019794464|
Batch results: 0.29448872804641724|0.31473830342292786|0.2765454649925232|0.2618492841720581|
Batch results: 0.25596514344215393|0.2753337323665619|0.28593167662620544|0.24958977103233337|
Batch results: 0.2854140102863312|0.2519756555557251|0.276470810174942|0.26410138607025146|
Batch results: 0.28206974267959595|0.2749655842781067|0.26200979948043823|0.25881657004356384|
Batch results: 0.2776608467102051|0.2715637683868408|0.2533673644065857|0.2425106018781662|
Batch results: 0.28581368923187256|0.254262238740921|0.2617280185222626|0.25228559970855713|
Batch results: 0.2756948173046112|0.27582070231437683|0.2718372642993927|0.2819564938545227|
Batch results: 0.24613626301288605|0.2901848554611206|0.272294282913208|0.2771539092063904|
Batch results: 0.2528586983680725|0.24750541150569916|0.23527632653713226|0.2813194692134857|
Batch results: 0.23711828887462616|0.26224908232688904|0.31744417548179626|0.24370181560516357|
Batch results: 0.22022049129009247|0.24548816680908203|0.2604416608810425|0.24128875136375427|
Batch results: 0.276959627866745|0.2543173134326935|0.2809337079524994|0.30508795380592346|
Batch results: 0.28225889801979065|0.2703631520271301|0.24752746522426605|0.2913561463356018|
Batch results: 0.27202126383781433|0.2741086483001709|0.2623447775840759|0.24685786664485931|
Batch results: 0.25065603852272034|0.2890545427799225|0.24305495619773865|0.2087041735649109|
Batch results: 0.26209110021591187|0.25356295704841614|0.2855600118637085|0.31353816390037537|
Batch results: 0.28101640939712524|0.25039157271385193|0.25247499346733093|0.25298863649368286|
Batch results: 0.2846255302429199|0.24440298974514008|0.2993394136428833|0.26761355996131897|
Batch results: 0.3025214672088623|0.30208665132522583|0.2838447093963623|0.3146234154701233|
Batch results: 0.28855112195014954|0.25702959299087524|0.22158311307430267|0.26863089203834534|
Batch results: 0.2564988434314728|0.3033873438835144|0.2851293385028839|0.25812309980392456|
Batch results: 0.2230345755815506|0.2892860174179077|0.2611198127269745|0.2295072227716446|
Batch results: 0.2721186578273773|0.2854830324649811|0.25590819120407104|0.22917097806930542|
Batch results: 0.3013898730278015|0.27887073159217834|0.28452399373054504|0.23755207657814026|
Batch results: 0.30059972405433655|0.2916589379310608|0.26699256896972656|0.2762969434261322|
Batch results: 0.2721797823905945|0.282763808965683|0.2969104051589966|0.26092013716697693|
Batch results: 0.26919835805892944|0.24786563217639923|0.25092220306396484|0.2662937045097351|
Batch results: 0.2510300278663635|0.3100271224975586|0.2699863612651825|0.2537057101726532|
Batch results: 0.30112752318382263|0.24752701818943024|0.27733612060546875|0.2786957025527954|
Batch results: 0.29338914155960083|0.3161495327949524|0.29956668615341187|0.25074753165245056|
Batch results: 0.23611295223236084|0.27880558371543884|0.2794019877910614|0.25916576385498047|
Batch results: 0.2669491767883301|0.3454892635345459|0.3330661952495575|0.2635035514831543|
Batch results: 0.237219899892807|0.2537487745285034|0.24367626011371613|0.2989828288555145|
Batch results: 0.30173179507255554|0.25080570578575134|0.28123635053634644|0.25161510705947876|
Batch results: 0.2663710415363312|0.23166729509830475|0.24479205906391144|0.2668411135673523|
Batch results: 0.23936453461647034|0.2806313633918762|0.2528460621833801|0.3063850998878479|
Batch results: 0.3050040006637573|0.21866260468959808|0.27565112709999084|0.25773999094963074|
Batch results: 0.27286291122436523|0.2540454864501953|0.29753315448760986|0.23610970377922058|
Batch results: 0.2547602653503418|0.29820987582206726|0.2691747546195984|0.2697167694568634|
Batch results: 0.3194970488548279|0.28380632400512695|0.3280581831932068|0.26157107949256897|
Batch results: 0.2729514539241791|0.29183635115623474|0.2897750735282898|0.26868197321891785|
Batch results: 0.2280036062002182|0.250437468290329|0.25896164774894714|0.2586936950683594|
Batch results: 0.2883281409740448|0.25480708479881287|0.23305918276309967|0.2462230920791626|
Batch results: 0.2612065374851227|0.30846524238586426|0.24451100826263428|0.26440268754959106|
Batch results: 0.2693895697593689|0.25337478518486023|0.299552857875824|0.23193393647670746|
Batch results: 0.23907239735126495|0.2161160558462143|0.29899388551712036|0.29441291093826294|
Batch results: 0.23380506038665771|0.29254186153411865|0.2639479637145996|0.3050896227359772|
Batch results: 0.30208179354667664|0.285433828830719|0.24824726581573486|0.2737434506416321|
Batch results: 0.258118212223053|0.26792991161346436|0.24039754271507263|0.2509256899356842|
Batch results: 0.2929278612136841|0.25111061334609985|0.2731739282608032|0.297844260931015|
Batch results: 0.2393767386674881|0.2233116328716278|0.24781101942062378|0.25409698486328125|
Batch results: 0.2729168236255646|0.24414658546447754|0.29242727160453796|0.28631165623664856|
Batch results: 0.3137081563472748|0.25503528118133545|0.3189278542995453|0.27408841252326965|
Batch results: 0.2600928544998169|0.2830551862716675|0.2853986918926239|0.23323118686676025|
Batch results: 0.26515865325927734|0.28521186113357544|0.2556569278240204|0.3042140603065491|
Batch results: 0.29684704542160034|0.2516135275363922|0.28159576654434204|0.2757284641265869|
Batch results: 0.29839012026786804|0.25137102603912354|0.2745455503463745|0.2657787501811981|
Batch results: 0.2533484697341919|0.3124426305294037|0.301728755235672|0.2823379933834076|
Batch results: 0.2644810378551483|0.25000956654548645|0.24413490295410156|0.2726161777973175|
Batch results: 0.25402045249938965|0.318596214056015|0.2536220848560333|0.2679159939289093|
Batch results: 0.2689477205276489|0.28335854411125183|0.2738589346408844|0.2921730577945709|
Batch results: 0.2699734568595886|0.2701622247695923|0.29243218898773193|0.2879018485546112|
Batch results: 0.2535816431045532|0.29694664478302|0.27592161297798157|0.2880578637123108|
Batch results: 0.2573867738246918|0.3085554242134094|0.2815341651439667|0.2732287049293518|
Batch results: 0.26211944222450256|0.23632337152957916|0.27544981241226196|0.26077574491500854|
Batch results: 0.2855508327484131|0.2655900716781616|0.23512078821659088|0.23094327747821808|
Batch results: 0.2991011440753937|0.25757497549057007|0.27109578251838684|0.25076019763946533|
Batch results: 0.2786700427532196|0.26722994446754456|0.24654950201511383|0.2493034452199936|
Batch results: 0.26924628019332886|0.2520527243614197|0.2646823525428772|0.3058648407459259|
Batch results: 0.2751138210296631|0.2623162567615509|0.27388402819633484|0.2626934051513672|
Batch results: 0.2668234705924988|0.2806077301502228|0.27095240354537964|0.28225839138031006|
Batch results: 0.28573372960090637|0.2665032148361206|0.31365615129470825|0.25246578454971313|
Batch results: 0.2698855400085449|0.2511020004749298|0.27586981654167175|0.2396632730960846|
Batch results: 0.26702940464019775|0.26213544607162476|0.25361117720603943|0.2621292173862457|
Batch results: 0.30781835317611694|0.23311570286750793|0.2914944887161255|0.26822927594184875|
Batch results: 0.2529987394809723|0.25448527932167053|0.25252002477645874|0.27857860922813416|
Batch results: 0.25621116161346436|0.2709408700466156|0.2435469776391983|0.2656135559082031|
Batch results: 0.33690354228019714|0.2591811418533325|0.3026718497276306|0.2510518729686737|
Batch results: 0.25979048013687134|0.27140533924102783|0.2953276038169861|0.3032725155353546|
Batch results: 0.23907886445522308|0.2961914837360382|0.258455365896225|0.24454349279403687|
Batch results: 0.2258756309747696|0.26827436685562134|0.24630680680274963|0.2701657712459564|
Batch results: 0.28469860553741455|0.28608494997024536|0.2742753028869629|0.27333366870880127|
Batch results: 0.2805584967136383|0.30109739303588867|0.2774239480495453|0.2703162431716919|
Batch results: 0.26301535964012146|0.28783100843429565|0.3044467866420746|0.24128729104995728|
Batch results: 0.25923773646354675|0.26212435960769653|0.2867720127105713|0.2649785578250885|
Batch results: 0.28003382682800293|0.26619064807891846|0.2843250036239624|0.28321823477745056|
Batch results: 0.22771179676055908|0.24527138471603394|0.2800331115722656|0.22432872653007507|
Batch results: 0.2471000850200653|0.29439565539360046|0.27154773473739624|0.26650071144104004|
Batch results: 0.2779673933982849|0.2658044099807739|0.26547959446907043|0.2522784471511841|
Batch results: 0.2666343152523041|0.29637622833251953|0.3114261031150818|0.2443903535604477|
Batch results: 0.28946998715400696|0.3041015863418579|0.29509207606315613|0.2446446418762207|
Batch results: 0.28241756558418274|0.23621930181980133|0.25023025274276733|0.26119622588157654|
Batch results: 0.2423545867204666|0.2739143669605255|0.30608707666397095|0.22040393948554993|
Batch results: 0.2551175653934479|0.28632852435112|0.24823255836963654|0.30360835790634155|
Batch results: 0.2826113998889923|0.24472449719905853|0.3182193636894226|0.2457658052444458|
Batch results: 0.24025727808475494|0.26653599739074707|0.2974574863910675|0.245944082736969|
Batch results: 0.2794698178768158|0.29859620332717896|0.24469143152236938|0.2745603621006012|
Batch results: 0.2449323832988739|0.29748672246932983|0.2564513683319092|0.2596433162689209|
Batch results: 0.2737160325050354|0.2715942859649658|0.2938653826713562|0.2875482141971588|
Batch results: 0.2651267647743225|0.2594042420387268|0.2344815880060196|0.29111534357070923|
Batch results: 0.2529950737953186|0.22014643251895905|0.2881183922290802|0.2620921730995178|
Batch results: 0.30989184975624084|0.283509761095047|0.27889594435691833|0.24588406085968018|
Batch results: 0.2766451835632324|0.26967814564704895|0.25962480902671814|0.3163112998008728|
Batch results: 0.3009495139122009|0.29031676054000854|0.26679104566574097|0.2673783004283905|
Batch results: 0.29513922333717346|0.2758422791957855|0.27750784158706665|0.2611069679260254|
Batch results: 0.27784204483032227|0.24095621705055237|0.24368610978126526|0.26480039954185486|
Batch results: 0.23586805164813995|0.261541485786438|0.2669200301170349|0.2467893362045288|
Batch results: 0.24971874058246613|0.2584606409072876|0.28619566559791565|0.23890283703804016|
