Batch results: 3.8485183715820312|3.759756088256836|3.865212917327881|3.747837781906128|
Batch results: 3.8785576820373535|3.8482284545898438|3.8706889152526855|3.860330581665039|
Batch results: 3.858675956726074|3.8843936920166016|3.8301379680633545|3.9070260524749756|
Batch results: 3.8958492279052734|3.8645191192626953|3.8418025970458984|3.8673739433288574|
Batch results: 3.8628463745117188|3.859307050704956|3.8812599182128906|3.871328830718994|
Batch results: 3.8744750022888184|3.9191079139709473|3.851417064666748|3.8583648204803467|
Batch results: 3.886091947555542|3.849879741668701|3.8327062129974365|3.8824234008789062|
Batch results: 3.9007363319396973|3.864452362060547|3.870685577392578|3.849151372909546|
Batch results: 3.822906017303467|3.82905650138855|3.8672947883605957|3.826951503753662|
Batch results: 3.8079421520233154|3.854384422302246|3.8677632808685303|3.842345952987671|
Batch results: 3.8262557983398438|3.870211124420166|3.834425687789917|3.8636555671691895|
Batch results: 3.8760108947753906|3.866215467453003|3.8708503246307373|3.8972458839416504|
Batch results: 3.8966586589813232|3.8969295024871826|3.8957746028900146|3.843611478805542|
Batch results: 3.8991732597351074|3.8547325134277344|3.8343780040740967|3.84112811088562|
Batch results: 3.9101338386535645|3.8668651580810547|3.8900504112243652|3.876061201095581|
Batch results: 3.8673529624938965|3.771949291229248|3.8622663021087646|3.898909568786621|
Batch results: 3.83857798576355|3.8655271530151367|3.866617202758789|3.823932647705078|
Batch results: 3.8735053539276123|3.857264995574951|3.8790557384490967|3.8462748527526855|
Batch results: 3.912802219390869|3.809220790863037|3.892764091491699|3.8762385845184326|
Batch results: 3.8512072563171387|3.7600512504577637|3.873809337615967|3.840491771697998|
Batch results: 3.9050452709198|3.861812114715576|3.8512916564941406|3.8795294761657715|
Batch results: 3.8551859855651855|3.873743772506714|3.8663511276245117|3.816429615020752|
Batch results: 3.870962142944336|3.8329522609710693|3.882373332977295|3.8925375938415527|
Batch results: 3.857508420944214|3.8093347549438477|3.8441550731658936|3.8383452892303467|
Batch results: 3.8776118755340576|3.8493564128875732|3.8938217163085938|3.8718059062957764|
Batch results: 3.8219544887542725|3.8425846099853516|3.8514790534973145|3.7976365089416504|
Batch results: 3.8647639751434326|3.8903701305389404|3.8802027702331543|3.8871989250183105|
Batch results: 3.830411672592163|3.8591060638427734|3.8391237258911133|3.8389368057250977|
Batch results: 3.8488059043884277|3.837890148162842|3.8765110969543457|3.849379539489746|
Batch results: 3.8840370178222656|3.837792158126831|3.8526530265808105|3.885897159576416|
Batch results: 3.8407578468322754|3.8573157787323|3.8245246410369873|3.888875722885132|
Batch results: 3.888533353805542|3.900784492492676|3.811002254486084|3.838019847869873|
Batch results: 3.792351722717285|3.865314245223999|3.7875747680664062|3.830612897872925|
Batch results: 3.7749104499816895|3.849154472351074|3.8505172729492188|3.8904452323913574|
Batch results: 3.8313307762145996|3.9082374572753906|3.8701694011688232|3.8476035594940186|
Batch results: 3.846630811691284|3.863896131515503|3.847743511199951|3.84566068649292|
Batch results: 3.8613641262054443|3.878760814666748|3.8549506664276123|3.8937883377075195|
Batch results: 3.762638807296753|3.8016128540039062|3.8464717864990234|3.8890395164489746|
Batch results: 3.895101547241211|3.833158254623413|3.8634958267211914|3.832193374633789|
Batch results: 3.904998302459717|3.876829147338867|3.880307197570801|3.777700901031494|
Batch results: 3.8236021995544434|3.8415887355804443|3.851382255554199|3.898707151412964|
Batch results: 3.8750996589660645|3.8498902320861816|3.888734817504883|3.8939199447631836|
Batch results: 3.901094436645508|3.825643539428711|3.8724753856658936|3.853407382965088|
Batch results: 3.8696601390838623|3.8714873790740967|3.8753466606140137|3.8514161109924316|
Batch results: 3.8685946464538574|3.8930556774139404|3.893930196762085|3.887251615524292|
Batch results: 3.8591737747192383|3.8383405208587646|3.8513247966766357|3.8677759170532227|
Batch results: 3.8518598079681396|3.8800182342529297|3.825573682785034|3.8356642723083496|
Batch results: 3.8523764610290527|3.845705986022949|3.8621249198913574|3.881493330001831|
Batch results: 3.8317508697509766|3.8638293743133545|3.831350088119507|3.8778185844421387|
Batch results: 3.8748652935028076|3.78029203414917|3.802733898162842|3.876084327697754|
Batch results: 3.821955680847168|3.87164306640625|3.8653225898742676|3.8967819213867188|
Batch results: 3.860841751098633|3.8789820671081543|3.857996702194214|3.8157496452331543|
Batch results: 3.8720035552978516|3.7601726055145264|3.8239364624023438|3.77299165725708|
Batch results: 3.8953657150268555|3.849130392074585|3.8858304023742676|3.882580518722534|
Batch results: 3.9034194946289062|3.8650758266448975|3.868691921234131|3.8355464935302734|
Batch results: 3.8837411403656006|3.863565444946289|3.824930191040039|3.900613307952881|
Batch results: 3.812908172607422|3.8778738975524902|3.870352268218994|3.831038475036621|
Batch results: 3.859558582305908|3.7829978466033936|3.8417601585388184|3.8675684928894043|
Batch results: 3.824207305908203|3.888117551803589|3.909513473510742|3.8730859756469727|
Batch results: 3.859970808029175|3.880333423614502|3.880241870880127|3.8811099529266357|
Batch results: 3.8550527095794678|3.858090400695801|3.836165428161621|3.8009214401245117|
Batch results: 3.8803813457489014|3.887017250061035|3.8805809020996094|3.8445396423339844|
Batch results: 3.7797508239746094|3.866347074508667|3.8880972862243652|3.9172189235687256|
Batch results: 3.8725526332855225|3.8601624965667725|3.8935039043426514|3.791443347930908|
Batch results: 3.840486526489258|3.8855032920837402|3.88368558883667|3.8081653118133545|
Batch results: 3.850620746612549|3.8674418926239014|3.7691917419433594|3.861328601837158|
Batch results: 3.8885860443115234|3.8834757804870605|3.8499648571014404|3.756575584411621|
Batch results: 3.8620498180389404|3.878335952758789|3.862588882446289|3.852691411972046|
Batch results: 3.8524539470672607|3.8506178855895996|3.877570152282715|3.822946310043335|
Batch results: 3.844350814819336|3.8995132446289062|3.903076171875|3.9181430339813232|
Batch results: 3.889944076538086|3.901954174041748|3.8639132976531982|3.8356451988220215|
Batch results: 3.804694652557373|3.884124755859375|3.854931592941284|3.887073040008545|
Batch results: 3.8658103942871094|3.858505964279175|3.8771417140960693|3.8236987590789795|
Batch results: 3.8516902923583984|3.7998476028442383|3.830354690551758|3.9011659622192383|
Batch results: 3.8915107250213623|3.8588953018188477|3.8540496826171875|3.8653628826141357|
Batch results: 3.8697338104248047|3.8628950119018555|3.825355291366577|3.813847303390503|
Batch results: 3.872154951095581|3.888165235519409|3.8840339183807373|3.8827643394470215|
Batch results: 3.89233660697937|3.7934396266937256|3.884331226348877|3.8677234649658203|
Batch results: 3.8482799530029297|3.8394458293914795|3.7827651500701904|3.872979164123535|
Batch results: 3.8966898918151855|3.8795268535614014|3.876408338546753|3.809894323348999|
Batch results: 3.786572217941284|3.855661392211914|3.891033887863159|3.824713706970215|
Batch results: 3.875441312789917|3.8473129272460938|3.8726651668548584|3.8803114891052246|
Batch results: 3.8834445476531982|3.8100764751434326|3.8416805267333984|3.863191604614258|
Batch results: 3.8813674449920654|3.8628506660461426|3.8731002807617188|3.836519241333008|
Batch results: 3.8648805618286133|3.872800827026367|3.8806962966918945|3.818690061569214|
Batch results: 3.830071210861206|3.8535780906677246|3.872936964035034|3.7521252632141113|
Batch results: 3.8898932933807373|3.8250341415405273|3.8640360832214355|3.867090940475464|
Batch results: 3.8792667388916016|3.8678042888641357|3.8553836345672607|3.783695936203003|
Batch results: 3.885392189025879|3.8985278606414795|3.8317954540252686|3.841057300567627|
Batch results: 3.8543431758880615|3.8923263549804688|3.8271842002868652|3.871746778488159|
Batch results: 3.8452203273773193|3.8296899795532227|3.8925979137420654|3.8144490718841553|
Batch results: 3.807182788848877|3.8478236198425293|3.785470485687256|3.8649821281433105|
Batch results: 3.8699393272399902|3.8648459911346436|3.8927886486053467|3.8346805572509766|
Batch results: 3.9171199798583984|3.8657259941101074|3.843470573425293|3.8768386840820312|
Batch results: 3.909973621368408|3.846747398376465|3.8700623512268066|3.857633113861084|
Batch results: 3.89355731010437|3.8288559913635254|3.864370346069336|3.8611044883728027|
Batch results: 3.862499713897705|3.8825511932373047|3.844651937484741|3.8503711223602295|
Batch results: 3.834056854248047|3.847944974899292|3.842331647872925|3.846127986907959|
Batch results: 3.843952178955078|3.858053684234619|3.8771815299987793|3.8215270042419434|
Batch results: 3.8630130290985107|3.891814708709717|3.8909623622894287|3.8259246349334717|
Batch results: 3.8871264457702637|3.8707501888275146|3.8722503185272217|3.8797576427459717|
Batch results: 3.8576560020446777|3.9289844036102295|3.834929943084717|3.8045806884765625|
Batch results: 3.8302855491638184|3.86653470993042|3.856290340423584|3.9129676818847656|
Batch results: 3.855224370956421|3.838482618331909|3.8995349407196045|3.8409392833709717|
Batch results: 3.849914073944092|3.8216404914855957|3.8454928398132324|3.838987350463867|
Batch results: 3.822844982147217|3.885293483734131|3.843069076538086|3.8611562252044678|
Batch results: 3.831346273422241|3.8685481548309326|3.867330551147461|3.884244918823242|
Batch results: 3.8520941734313965|3.8543574810028076|3.848170042037964|3.824894666671753|
Batch results: 3.8526530265808105|3.851062297821045|3.8704023361206055|3.8829550743103027|
Batch results: 3.8919386863708496|3.853802442550659|3.829806089401245|3.8755578994750977|
Batch results: 3.8474042415618896|3.858119010925293|3.8618667125701904|3.8904871940612793|
Batch results: 3.8748319149017334|3.8814005851745605|3.8600873947143555|3.8173415660858154|
Batch results: 3.860651731491089|3.7400856018066406|3.8776803016662598|3.8002984523773193|
Batch results: 3.892312526702881|3.8390722274780273|3.834913730621338|3.876088857650757|
Batch results: 3.8534679412841797|3.836352825164795|3.830310583114624|3.8768279552459717|
Batch results: 3.868952512741089|3.820124387741089|3.8641536235809326|3.8594882488250732|
Batch results: 3.8000311851501465|3.863994598388672|3.8567309379577637|3.8968729972839355|
Batch results: 3.794337749481201|3.894554853439331|3.861571788787842|3.864313840866089|
Batch results: 3.821373462677002|3.844649076461792|3.8662071228027344|3.8644328117370605|
Batch results: 3.8829097747802734|3.8749547004699707|3.8534293174743652|3.876008987426758|
Batch results: 3.865217924118042|3.849668025970459|3.839731216430664|3.8565196990966797|
Batch results: 3.843865156173706|3.8498637676239014|3.8286705017089844|3.8826537132263184|
Batch results: 3.9197897911071777|3.87640643119812|3.878756046295166|3.8545901775360107|
Batch results: 3.8379688262939453|3.9063258171081543|3.8811850547790527|3.871516227722168|
Batch results: 3.869533061981201|3.867609739303589|3.8732032775878906|3.8800272941589355|
Batch results: 3.8892059326171875|3.8733768463134766|3.8655495643615723|3.802377223968506|
Batch results: 3.8675527572631836|3.8840017318725586|3.8695640563964844|3.84594988822937|
Batch results: 3.858917713165283|3.9039790630340576|3.8444125652313232|3.8644089698791504|
Batch results: 3.843980312347412|3.861804485321045|3.815197706222534|3.8643431663513184|
Batch results: 3.8299224376678467|3.9128799438476562|3.868450164794922|3.8572776317596436|
Batch results: 3.8550326824188232|3.879197120666504|3.8903141021728516|3.873530149459839|
Batch results: 3.8587913513183594|3.882558822631836|3.864072322845459|3.904531478881836|
Batch results: 3.8528060913085938|3.831214666366577|3.8720927238464355|3.8599166870117188|
Batch results: 3.8553197383880615|3.890235424041748|3.868743896484375|3.8648691177368164|
Batch results: 3.831099271774292|3.8706271648406982|3.8715131282806396|3.8790173530578613|
Batch results: 3.8645780086517334|3.839139938354492|3.8458590507507324|3.816904067993164|
Batch results: 3.754970073699951|3.8626277446746826|3.8703041076660156|3.8686251640319824|
Batch results: 3.833754301071167|3.891817808151245|3.8228564262390137|3.901303291320801|
Batch results: 3.8385932445526123|3.853825330734253|3.8214430809020996|3.9089856147766113|
Batch results: 3.8482298851013184|3.868415355682373|3.8740100860595703|3.894397735595703|
Batch results: 3.8423964977264404|3.886728048324585|3.9029757976531982|3.881906509399414|
Batch results: 3.8504810333251953|3.8844542503356934|3.8640880584716797|3.8221487998962402|
Batch results: 3.8712921142578125|3.870919704437256|3.8711752891540527|3.828688621520996|
Batch results: 3.8741936683654785|3.834650993347168|3.856494903564453|3.901843547821045|
Batch results: 3.8429362773895264|3.823011875152588|3.862882137298584|3.8203370571136475|
Batch results: 3.884512424468994|3.8771235942840576|3.8571395874023438|3.854191780090332|
Batch results: 3.8402698040008545|3.861405849456787|3.868772506713867|3.8706703186035156|
Batch results: 3.8777823448181152|3.836421489715576|3.861767292022705|3.78262996673584|
Batch results: 3.857102155685425|3.8743138313293457|3.883348226547241|3.887171506881714|
Batch results: 3.856077194213867|3.89100980758667|3.8230228424072266|3.87528133392334|
Batch results: 3.8341262340545654|3.8248252868652344|3.771162986755371|3.845954418182373|
Batch results: 3.8368968963623047|3.8736772537231445|3.887958526611328|3.890685796737671|
Batch results: 3.8937954902648926|3.9001033306121826|3.8487696647644043|3.8961894512176514|
Batch results: 3.7555694580078125|3.892712116241455|3.899991512298584|3.864525556564331|
Batch results: 3.8886592388153076|3.8895652294158936|3.8909385204315186|3.8167178630828857|
Batch results: 3.8643569946289062|3.8643860816955566|3.8243136405944824|3.8445849418640137|
Batch results: 3.8528783321380615|3.8043079376220703|3.850792646408081|3.870492935180664|
Batch results: 3.8253676891326904|3.906496047973633|3.812347412109375|3.9128661155700684|
Batch results: 3.8827881813049316|3.855754852294922|3.825562000274658|3.880784749984741|
Batch results: 3.866453170776367|3.893732786178589|3.883371353149414|3.8373677730560303|
Batch results: 3.8645663261413574|3.8683764934539795|3.7721078395843506|3.7703075408935547|
Batch results: 3.8416638374328613|3.812673568725586|3.8588995933532715|3.8453640937805176|
Batch results: 3.8790061473846436|3.889085292816162|3.9171769618988037|3.833186149597168|
Batch results: 3.8680505752563477|3.8732707500457764|3.8801639080047607|3.8640389442443848|
Batch results: 3.8641371726989746|3.86456561088562|3.8565845489501953|3.880401372909546|
Batch results: 3.8644652366638184|3.89337158203125|3.8942782878875732|3.810044288635254|
Batch results: 3.85642671585083|3.8654935359954834|3.872614860534668|3.901623487472534|
Batch results: 3.826362133026123|3.8851981163024902|3.8506174087524414|3.8727662563323975|
Batch results: 3.861496925354004|3.88555908203125|3.863736629486084|3.833800792694092|
Batch results: 3.8687124252319336|3.8513259887695312|3.845717191696167|3.8373124599456787|
Batch results: 3.856692314147949|3.8136253356933594|3.9143054485321045|3.8161025047302246|
Batch results: 3.8824915885925293|3.778533458709717|3.875629186630249|3.871163845062256|
Batch results: 3.8182616233825684|3.8534209728240967|3.8823001384735107|3.8655080795288086|
Batch results: 3.8492445945739746|3.890634059906006|3.8635480403900146|3.8426170349121094|
Batch results: 3.833566665649414|3.858962059020996|3.8504414558410645|3.8575944900512695|
Batch results: 3.866039752960205|3.8224196434020996|3.883107900619507|3.858100652694702|
Batch results: 3.87239933013916|3.8807621002197266|3.8513107299804688|3.8682353496551514|
Batch results: 3.8352980613708496|3.838855504989624|3.8717498779296875|3.8720030784606934|
