Batch results: 0.8280602693557739|0.7939996123313904|0.8088183999061584|0.8120801448822021|
Batch results: 0.7731935977935791|0.8224394917488098|0.8006134629249573|0.8265893459320068|
Batch results: 0.8175556063652039|0.7887828946113586|0.7830520868301392|0.8508999347686768|
Batch results: 0.8124372363090515|0.7947699427604675|0.7983201742172241|0.7924469709396362|
Batch results: 0.824116051197052|0.8424261212348938|0.8005717396736145|0.8556311130523682|
Batch results: 0.8113903999328613|0.8100627064704895|0.791296124458313|0.8425180912017822|
Batch results: 0.8268613219261169|0.8432254195213318|0.832908034324646|0.8130045533180237|
Batch results: 0.8733246326446533|0.7876023054122925|0.7870163321495056|0.8224618434906006|
Batch results: 0.7872510552406311|0.8402276039123535|0.7878666520118713|0.8343542814254761|
Batch results: 0.7956888675689697|0.8306698203086853|0.8022871017456055|0.8329129219055176|
Batch results: 0.8421973586082458|0.7804588675498962|0.823289155960083|0.8032352328300476|
Batch results: 0.8146117925643921|0.8451714515686035|0.8273094296455383|0.7867409586906433|
Batch results: 0.8165880441665649|0.8206881880760193|0.8503862619400024|0.7886271476745605|
Batch results: 0.7993254065513611|0.8034672737121582|0.8178426027297974|0.7950015068054199|
Batch results: 0.8016257286071777|0.8729150891304016|0.8187699913978577|0.8090682029724121|
Batch results: 0.8208627700805664|0.7834674119949341|0.817450225353241|0.8589738011360168|
Batch results: 0.8464752435684204|0.7951136231422424|0.7962151765823364|0.8105693459510803|
Batch results: 0.7897706031799316|0.8719910979270935|0.8091686367988586|0.8194987773895264|
Batch results: 0.7916519641876221|0.8024111986160278|0.7877946496009827|0.8291976451873779|
Batch results: 0.8157713413238525|0.8026862144470215|0.76750248670578|0.8242592811584473|
Batch results: 0.8321442604064941|0.774158775806427|0.8541174530982971|0.7703629732131958|
Batch results: 0.8523831367492676|0.7883127331733704|0.8291548490524292|0.8179482221603394|
Batch results: 0.8011316657066345|0.8316965103149414|0.8212245106697083|0.782926619052887|
Batch results: 0.8430305123329163|0.7895120978355408|0.8202881813049316|0.8343824148178101|
Batch results: 0.7796338200569153|0.8118597865104675|0.8156930804252625|0.8158812522888184|
Batch results: 0.8354183435440063|0.818093478679657|0.8520740270614624|0.8511728644371033|
Batch results: 0.8512486219406128|0.8022176623344421|0.7864644527435303|0.8215128779411316|
Batch results: 0.7930397391319275|0.7996940612792969|0.8155344724655151|0.8144712448120117|
Batch results: 0.8326181173324585|0.8100581169128418|0.7797935605049133|0.8814305067062378|
Batch results: 0.8014615178108215|0.7766327857971191|0.7939662337303162|0.8132254481315613|
Batch results: 0.8064558506011963|0.8239618539810181|0.7928043603897095|0.79853355884552|
Batch results: 0.8423724174499512|0.842730700969696|0.790752112865448|0.7824573516845703|
Batch results: 0.7970619797706604|0.7949022054672241|0.8234270215034485|0.804175615310669|
Batch results: 0.795129120349884|0.9072343111038208|0.8205294013023376|0.8256802558898926|
Batch results: 0.7926267981529236|0.8136513233184814|0.7895760536193848|0.804038405418396|
Batch results: 0.7928523421287537|0.7734534740447998|0.7839153409004211|0.7927616834640503|
Batch results: 0.8319600224494934|0.8065747618675232|0.8037148714065552|0.789659321308136|
Batch results: 0.8477751016616821|0.8285486698150635|0.8179445266723633|0.7764855623245239|
Batch results: 0.800939679145813|0.8108931183815002|0.7708086967468262|0.8560994863510132|
Batch results: 0.7937270998954773|0.8032655119895935|0.8083266019821167|0.8234251737594604|
Batch results: 0.8141301274299622|0.8553954362869263|0.8020830750465393|0.8403853178024292|
Batch results: 0.7924616932868958|0.8165712952613831|0.7998148202896118|0.8112531304359436|
Batch results: 0.8514342308044434|0.8537991642951965|0.8180018663406372|0.7954086661338806|
Batch results: 0.7795649170875549|0.8198631405830383|0.8483057022094727|0.7812774181365967|
Batch results: 0.8041619062423706|0.7779350280761719|0.7850116491317749|0.8342947959899902|
Batch results: 0.8556021451950073|0.804291844367981|0.8158242702484131|0.8044117093086243|
Batch results: 0.8029934763908386|0.8038470149040222|0.8502272963523865|0.8327085971832275|
Batch results: 0.8020505309104919|0.8443824648857117|0.8170152902603149|0.7943476438522339|
Batch results: 0.7977154850959778|0.8017617464065552|0.8398889899253845|0.848611056804657|
Batch results: 0.8216226100921631|0.7956196665763855|0.8074268102645874|0.7954714298248291|
Batch results: 0.7913760542869568|0.8535745739936829|0.813823938369751|0.8180335760116577|
Batch results: 0.8253142833709717|0.8460581302642822|0.8192105889320374|0.8140668272972107|
Batch results: 0.8296118974685669|0.8094655275344849|0.8042904138565063|0.7882140874862671|
Batch results: 0.8157615661621094|0.8101173639297485|0.816651463508606|0.8466606736183167|
Batch results: 0.7960699200630188|0.7964848279953003|0.7925328016281128|0.8075237274169922|
Batch results: 0.797610878944397|0.8221313953399658|0.8105772137641907|0.803524911403656|
Batch results: 0.8227424621582031|0.8288025856018066|0.8052968382835388|0.8013045787811279|
Batch results: 0.8486984372138977|0.7862183451652527|0.7901977896690369|0.8465753793716431|
Batch results: 0.8204270005226135|0.8268740177154541|0.8058960437774658|0.818824291229248|
Batch results: 0.8114424347877502|0.7933284640312195|0.8204900622367859|0.8085392713546753|
Batch results: 0.8262652158737183|0.8242647051811218|0.8439474701881409|0.8000885248184204|
Batch results: 0.8394445776939392|0.7879235744476318|0.8076109886169434|0.7677308320999146|
Batch results: 0.8072353005409241|0.8239536881446838|0.7683694958686829|0.8027907013893127|
Batch results: 0.8323159217834473|0.798500120639801|0.8126569986343384|0.7950099110603333|
Batch results: 0.8061171770095825|0.7893074750900269|0.8122115731239319|0.8297905921936035|
Batch results: 0.8150058388710022|0.8078040480613708|0.8290069103240967|0.8134387731552124|
Batch results: 0.8112128376960754|0.8266341090202332|0.8149283528327942|0.8503302335739136|
Batch results: 0.8153108358383179|0.839038074016571|0.842841625213623|0.813087522983551|
Batch results: 0.7994951605796814|0.8039740920066833|0.8164531588554382|0.8310279250144958|
Batch results: 0.8105202913284302|0.8511187434196472|0.8375750780105591|0.7990669012069702|
Batch results: 0.8265484571456909|0.8253450393676758|0.8344718217849731|0.8007966876029968|
Batch results: 0.8506667017936707|0.824366569519043|0.8286154866218567|0.799024224281311|
Batch results: 0.8140899538993835|0.8166930079460144|0.8446905016899109|0.8300086259841919|
Batch results: 0.7814675569534302|0.8514503240585327|0.7845153212547302|0.816508948802948|
Batch results: 0.8111734986305237|0.8040257692337036|0.8520873188972473|0.8190990686416626|
Batch results: 0.8103777766227722|0.8117532134056091|0.817164421081543|0.807199239730835|
Batch results: 0.8497628569602966|0.8301244974136353|0.7840221524238586|0.8198734521865845|
Batch results: 0.7929166555404663|0.8290804624557495|0.8266719579696655|0.7964270114898682|
Batch results: 0.8273066282272339|0.7957770228385925|0.8308667540550232|0.7860830426216125|
Batch results: 0.7857990860939026|0.8201324343681335|0.8251305818557739|0.8120357990264893|
Batch results: 0.8350958824157715|0.8043166995048523|0.8219966888427734|0.7873546481132507|
Batch results: 0.7963747382164001|0.8063450455665588|0.8513606190681458|0.83165043592453|
Batch results: 0.8143657445907593|0.8087998628616333|0.8004811406135559|0.8095400333404541|
Batch results: 0.8088181614875793|0.7910923361778259|0.8579661250114441|0.8060490489006042|
Batch results: 0.7893571257591248|0.8289255499839783|0.7977766990661621|0.8614022731781006|
Batch results: 0.7803624868392944|0.7847161293029785|0.8128266334533691|0.8550400137901306|
Batch results: 0.8014257550239563|0.7856419086456299|0.8223904967308044|0.8212045431137085|
Batch results: 0.8729236721992493|0.7874776721000671|0.8360586166381836|0.8448702096939087|
Batch results: 0.8067541122436523|0.7846365571022034|0.810734748840332|0.8336222767829895|
Batch results: 0.7902282476425171|0.8080967664718628|0.8228110074996948|0.7752170562744141|
Batch results: 0.8254325985908508|0.8155861496925354|0.8124902248382568|0.8070682287216187|
Batch results: 0.7970048189163208|0.8370167016983032|0.8496761322021484|0.8283687829971313|
Batch results: 0.7775720953941345|0.8696683049201965|0.7998979687690735|0.8130156993865967|
Batch results: 0.8003582954406738|0.8051517605781555|0.8471682071685791|0.8273272514343262|
Batch results: 0.8070739507675171|0.8188587427139282|0.8012422919273376|0.8519039154052734|
Batch results: 0.828559935092926|0.7901459336280823|0.8061208128929138|0.8091428279876709|
Batch results: 0.8257046341896057|0.8219059109687805|0.8754338026046753|0.7953044176101685|
Batch results: 0.8146575689315796|0.8016746044158936|0.7937173247337341|0.8028629422187805|
Batch results: 0.8354979753494263|0.8269286155700684|0.8198469877243042|0.8069263100624084|
Batch results: 0.8044828772544861|0.8062142729759216|0.8006027936935425|0.7767819762229919|
Batch results: 0.7929803729057312|0.7927231788635254|0.842897355556488|0.7990623116493225|
Batch results: 0.8031396269798279|0.8268290162086487|0.81887286901474|0.8044443130493164|
Batch results: 0.821406900882721|0.8327092528343201|0.7815990447998047|0.8533239364624023|
Batch results: 0.8472796082496643|0.7939902544021606|0.7963647842407227|0.8371877074241638|
Batch results: 0.8274248242378235|0.829704761505127|0.8407517075538635|0.8413912653923035|
Batch results: 0.8669558167457581|0.8101919293403625|0.8119513392448425|0.8198031783103943|
Batch results: 0.8254376649856567|0.7885059714317322|0.867035984992981|0.7945084571838379|
Batch results: 0.8280501365661621|0.798003077507019|0.8141747713088989|0.800774335861206|
Batch results: 0.8410952091217041|0.8231457471847534|0.8158723711967468|0.835269033908844|
Batch results: 0.7917228937149048|0.827612042427063|0.8159923553466797|0.8363990187644958|
Batch results: 0.8068620562553406|0.7936675548553467|0.8285540342330933|0.8277546167373657|
Batch results: 0.8474101424217224|0.8375576734542847|0.8003370761871338|0.8056617379188538|
Batch results: 0.8092846274375916|0.8529742360115051|0.8289562463760376|0.8153871297836304|
Batch results: 0.7898105382919312|0.8295820951461792|0.8491953015327454|0.8549860119819641|
Batch results: 0.8136378526687622|0.8605436682701111|0.8459857106208801|0.8203461766242981|
Batch results: 0.8082972168922424|0.8277015686035156|0.8244635462760925|0.8172717094421387|
Batch results: 0.7968761324882507|0.8184729218482971|0.8305107355117798|0.8029497861862183|
Batch results: 0.8584588170051575|0.7804175019264221|0.7978734374046326|0.8389743566513062|
Batch results: 0.8338947892189026|0.7893604040145874|0.7930596470832825|0.8123759627342224|
Batch results: 0.84543377161026|0.825147271156311|0.7703625559806824|0.8002862334251404|
Batch results: 0.8250126242637634|0.7923119068145752|0.8327509760856628|0.8034018278121948|
Batch results: 0.8420993089675903|0.834376335144043|0.8335741758346558|0.8047360181808472|
Batch results: 0.820345401763916|0.8240063190460205|0.8061268329620361|0.841934084892273|
Batch results: 0.8221728205680847|0.8210338950157166|0.8163958787918091|0.8045248985290527|
Batch results: 0.8193923234939575|0.8189692497253418|0.8082566261291504|0.8215820789337158|
Batch results: 0.7935194969177246|0.8037395477294922|0.799253523349762|0.7930730581283569|
Batch results: 0.8077498078346252|0.8012718558311462|0.8387695550918579|0.8649239540100098|
Batch results: 0.8039002418518066|0.8748894333839417|0.819065511226654|0.8388365507125854|
Batch results: 0.809167742729187|0.8250980377197266|0.8558686971664429|0.806155800819397|
Batch results: 0.8005320429801941|0.8597623109817505|0.842323362827301|0.8184227347373962|
Batch results: 0.8604243397712708|0.812412440776825|0.7959098815917969|0.8338640332221985|
Batch results: 0.7811946272850037|0.8405336141586304|0.8451600670814514|0.86946040391922|
Batch results: 0.8329230546951294|0.858505368232727|0.8209059238433838|0.7723008990287781|
Batch results: 0.8119067549705505|0.7710679173469543|0.816576361656189|0.815046489238739|
Batch results: 0.808220386505127|0.8098496198654175|0.8324782848358154|0.826257586479187|
Batch results: 0.8180243968963623|0.7684072852134705|0.834367573261261|0.8807186484336853|
Batch results: 0.8476651310920715|0.7881618142127991|0.8087182641029358|0.785971999168396|
Batch results: 0.7927200794219971|0.8354825973510742|0.8233331441879272|0.8196681141853333|
Batch results: 0.82398921251297|0.8034554123878479|0.8221772313117981|0.8388305902481079|
Batch results: 0.7745405435562134|0.8252626061439514|0.8030965328216553|0.8006088137626648|
Batch results: 0.8174408078193665|0.8282496929168701|0.811896800994873|0.849127471446991|
Batch results: 0.8104457259178162|0.8471447825431824|0.8059043884277344|0.8342670202255249|
Batch results: 0.8041028380393982|0.8312206864356995|0.796391487121582|0.8142489194869995|
Batch results: 0.8188697099685669|0.8401902318000793|0.794486403465271|0.8077472448348999|
Batch results: 0.837388813495636|0.8159774541854858|0.7921872138977051|0.8141334056854248|
Batch results: 0.8184666633605957|0.8383155465126038|0.7894848585128784|0.805659294128418|
Batch results: 0.8303736448287964|0.8099754452705383|0.7924232482910156|0.8150979280471802|
Batch results: 0.8426927924156189|0.8016282320022583|0.8279439210891724|0.8083246946334839|
Batch results: 0.8505352139472961|0.8384837508201599|0.8180087804794312|0.8119598627090454|
Batch results: 0.812633752822876|0.8176320791244507|0.8133992552757263|0.8024444580078125|
Batch results: 0.8213045597076416|0.8051519393920898|0.8386185169219971|0.8279520869255066|
Batch results: 0.837697446346283|0.8559525609016418|0.8250557780265808|0.8231751322746277|
Batch results: 0.8113265037536621|0.852374255657196|0.8193676471710205|0.8567018508911133|
Batch results: 0.8180073499679565|0.7831011414527893|0.8168940544128418|0.8021311163902283|
Batch results: 0.8429810404777527|0.8177090883255005|0.8071245551109314|0.8154741525650024|
Batch results: 0.8116573095321655|0.8216637969017029|0.8081388473510742|0.805070698261261|
Batch results: 0.8084755539894104|0.7862013578414917|0.8143775463104248|0.8277422785758972|
Batch results: 0.8575267195701599|0.803277850151062|0.8292210698127747|0.7913366556167603|
Batch results: 0.8559781312942505|0.7851660847663879|0.8120704293251038|0.8500540256500244|
Batch results: 0.8576632738113403|0.818517804145813|0.8026131391525269|0.8484983444213867|
Batch results: 0.7832868099212646|0.8348712921142578|0.802271842956543|0.7684056758880615|
Batch results: 0.8255002498626709|0.8304919004440308|0.8091283440589905|0.7967352867126465|
Batch results: 0.8303641676902771|0.8394278883934021|0.8013272881507874|0.792385995388031|
Batch results: 0.8278348445892334|0.81498122215271|0.8473535776138306|0.8302171230316162|
Batch results: 0.8034327030181885|0.8368099927902222|0.8217326402664185|0.8411271572113037|
Batch results: 0.7962965965270996|0.8027147650718689|0.8025298714637756|0.834571123123169|
Batch results: 0.8305354118347168|0.8220114707946777|0.8033100366592407|0.7976226806640625|
Batch results: 0.8060737252235413|0.8194851875305176|0.8100912570953369|0.7832040786743164|
Batch results: 0.8197718262672424|0.8230244517326355|0.7817805409431458|0.8268279433250427|
Batch results: 0.7883489727973938|0.8400650024414062|0.8540236353874207|0.7929587960243225|
Batch results: 0.8033418655395508|0.8361450433731079|0.8086134791374207|0.829531729221344|
Batch results: 0.812288224697113|0.7965629696846008|0.8272949457168579|0.8181299567222595|
Batch results: 0.843830943107605|0.8581468462944031|0.8026355504989624|0.8004788756370544|
Batch results: 0.8009478449821472|0.8616845011711121|0.795737087726593|0.8273054361343384|
Batch results: 0.8032058477401733|0.8204801082611084|0.8077629804611206|0.8179855942726135|
Batch results: 0.842892050743103|0.7852808833122253|0.822150707244873|0.8454373478889465|
Batch results: 0.831267774105072|0.8029450178146362|0.8235238194465637|0.8074578642845154|
Batch results: 0.8068034052848816|0.8172264695167542|0.7930338382720947|0.8171678185462952|
