Batch results: -0.34293413162231445|-0.3026668429374695|-0.30049628019332886|-0.33796268701553345|
Batch results: -0.31409865617752075|-0.34080034494400024|-0.33880674839019775|-0.34913742542266846|
Batch results: -0.3200450539588928|-0.3346945643424988|-0.310552716255188|-0.33284953236579895|
Batch results: -0.3339511454105377|-0.31393980979919434|-0.337433397769928|-0.3171387314796448|
Batch results: -0.32287803292274475|-0.3326762318611145|-0.3287487030029297|-0.3457241356372833|
Batch results: -0.32179945707321167|-0.31480416655540466|-0.29955023527145386|-0.3446604609489441|
Batch results: -0.3083282709121704|-0.33066093921661377|-0.32721585035324097|-0.30255234241485596|
Batch results: -0.34330248832702637|-0.3282896876335144|-0.33653736114501953|-0.3147803246974945|
Batch results: -0.3008974492549896|-0.3020194172859192|-0.3204265236854553|-0.31269633769989014|
Batch results: -0.3410511612892151|-0.29501867294311523|-0.3147462010383606|-0.3120700716972351|
Batch results: -0.30784034729003906|-0.354425311088562|-0.3302091956138611|-0.3413771092891693|
Batch results: -0.31791508197784424|-0.33602190017700195|-0.3574313521385193|-0.31270498037338257|
Batch results: -0.3279278874397278|-0.3229351043701172|-0.31435734033584595|-0.2991909086704254|
Batch results: -0.3143393099308014|-0.3145029544830322|-0.3260146677494049|-0.3016340732574463|
Batch results: -0.3132851719856262|-0.3014492392539978|-0.3150547742843628|-0.3342647850513458|
Batch results: -0.3074376583099365|-0.30569660663604736|-0.304016649723053|-0.2904636263847351|
Batch results: -0.3048946261405945|-0.3364972770214081|-0.31131210923194885|-0.32928597927093506|
Batch results: -0.30417656898498535|-0.3018395006656647|-0.3022013306617737|-0.323271781206131|
Batch results: -0.3414478302001953|-0.3140801191329956|-0.31603556871414185|-0.3533881902694702|
Batch results: -0.3030853867530823|-0.3251761794090271|-0.3283192813396454|-0.3352883458137512|
Batch results: -0.35014981031417847|-0.30007022619247437|-0.31951719522476196|-0.30011916160583496|
Batch results: -0.34449002146720886|-0.32372307777404785|-0.33058714866638184|-0.3125232458114624|
Batch results: -0.30166956782341003|-0.35117611289024353|-0.32779598236083984|-0.3517307937145233|
Batch results: -0.3151439428329468|-0.3557656407356262|-0.32882899045944214|-0.3387930989265442|
Batch results: -0.30624330043792725|-0.3103114068508148|-0.30506235361099243|-0.31687596440315247|
Batch results: -0.3558199107646942|-0.34537822008132935|-0.3383418321609497|-0.2993168234825134|
Batch results: -0.3270287811756134|-0.2917749285697937|-0.29463228583335876|-0.28479963541030884|
Batch results: -0.31889525055885315|-0.33342432975769043|-0.31458041071891785|-0.2930241525173187|
Batch results: -0.31821566820144653|-0.31737667322158813|-0.33093178272247314|-0.3278382420539856|
Batch results: -0.31229960918426514|-0.32020771503448486|-0.32641470432281494|-0.34313827753067017|
Batch results: -0.30466020107269287|-0.31066012382507324|-0.3143036961555481|-0.33155640959739685|
Batch results: -0.3066364526748657|-0.32194843888282776|-0.32283079624176025|-0.3258571922779083|
Batch results: -0.3200072646141052|-0.3261221647262573|-0.31964290142059326|-0.3281720280647278|
Batch results: -0.30998826026916504|-0.30408790707588196|-0.3093109726905823|-0.31688639521598816|
Batch results: -0.3259693384170532|-0.30057257413864136|-0.2876216471195221|-0.30228251218795776|
Batch results: -0.3088061809539795|-0.3287585377693176|-0.32906442880630493|-0.32253316044807434|
Batch results: -0.30760371685028076|-0.32620999217033386|-0.3132084608078003|-0.317141056060791|
Batch results: -0.3217447102069855|-0.33127057552337646|-0.34411394596099854|-0.3278868794441223|
Batch results: -0.3017050325870514|-0.32151710987091064|-0.3409743905067444|-0.3250238001346588|
Batch results: -0.3347218632698059|-0.3236808180809021|-0.3078290820121765|-0.34135013818740845|
Batch results: -0.305475115776062|-0.31159868836402893|-0.3333433270454407|-0.30464327335357666|
Batch results: -0.3271547555923462|-0.33803385496139526|-0.317021906375885|-0.3004003167152405|
Batch results: -0.31513434648513794|-0.30644354224205017|-0.31964111328125|-0.3363434374332428|
Batch results: -0.33175814151763916|-0.30972200632095337|-0.3291770815849304|-0.32752594351768494|
Batch results: -0.32475709915161133|-0.33706650137901306|-0.3401424288749695|-0.3404160737991333|
Batch results: -0.33511993288993835|-0.29458320140838623|-0.32156068086624146|-0.304135262966156|
Batch results: -0.3163926601409912|-0.3159200847148895|-0.34828323125839233|-0.32835909724235535|
Batch results: -0.3165476322174072|-0.30842840671539307|-0.3180401921272278|-0.3491511046886444|
Batch results: -0.3190188407897949|-0.33658090233802795|-0.34195971488952637|-0.31054461002349854|
Batch results: -0.3230157196521759|-0.3024299740791321|-0.3267442584037781|-0.32134896516799927|
Batch results: -0.3012754023075104|-0.3176555633544922|-0.3203398287296295|-0.3444986939430237|
Batch results: -0.3153811991214752|-0.3303977847099304|-0.3137854337692261|-0.3152034878730774|
Batch results: -0.32989323139190674|-0.3450050950050354|-0.3346661329269409|-0.3063969910144806|
Batch results: -0.34000107645988464|-0.34275275468826294|-0.3172067105770111|-0.3268641233444214|
Batch results: -0.3476586937904358|-0.30282413959503174|-0.3537490963935852|-0.30630648136138916|
Batch results: -0.2905102074146271|-0.3106333017349243|-0.3073233366012573|-0.32517796754837036|
Batch results: -0.3164132833480835|-0.33308476209640503|-0.32408130168914795|-0.3132157325744629|
Batch results: -0.3405661880970001|-0.3060078024864197|-0.31049954891204834|-0.3161480724811554|
Batch results: -0.3098421096801758|-0.29714033007621765|-0.30015987157821655|-0.3252396285533905|
Batch results: -0.3494337499141693|-0.32947081327438354|-0.30495330691337585|-0.32785823941230774|
Batch results: -0.2974674701690674|-0.3031831979751587|-0.30012601613998413|-0.33313849568367004|
Batch results: -0.31319308280944824|-0.315773606300354|-0.34875863790512085|-0.32601043581962585|
Batch results: -0.2973211109638214|-0.33423250913619995|-0.31166839599609375|-0.3280125856399536|
Batch results: -0.3273776173591614|-0.31910693645477295|-0.30377036333084106|-0.3139464855194092|
Batch results: -0.31449881196022034|-0.3052031397819519|-0.3238626718521118|-0.34512409567832947|
Batch results: -0.31666243076324463|-0.3004262447357178|-0.31007614731788635|-0.33238646388053894|
Batch results: -0.3178960084915161|-0.3155253529548645|-0.31247496604919434|-0.31096571683883667|
Batch results: -0.3068104386329651|-0.32722365856170654|-0.33186548948287964|-0.33152830600738525|
Batch results: -0.31686532497406006|-0.32594913244247437|-0.30839723348617554|-0.34148257970809937|
Batch results: -0.33557331562042236|-0.31340789794921875|-0.34823882579803467|-0.34286409616470337|
Batch results: -0.3286457061767578|-0.3073313236236572|-0.33281683921813965|-0.3346700072288513|
Batch results: -0.3316429555416107|-0.3101695477962494|-0.34608572721481323|-0.2923535704612732|
Batch results: -0.29905837774276733|-0.2951709032058716|-0.3199700117111206|-0.3325805962085724|
Batch results: -0.342972993850708|-0.31361567974090576|-0.3341928720474243|-0.31679001450538635|
Batch results: -0.3405727744102478|-0.3092093765735626|-0.35310930013656616|-0.31854185461997986|
Batch results: -0.33677154779434204|-0.31864112615585327|-0.3380398154258728|-0.31031376123428345|
Batch results: -0.31896209716796875|-0.30608147382736206|-0.31333136558532715|-0.31366652250289917|
Batch results: -0.3111182749271393|-0.3260658383369446|-0.3164028227329254|-0.31817489862442017|
Batch results: -0.3006884753704071|-0.32624131441116333|-0.2986266613006592|-0.32877445220947266|
Batch results: -0.3065406382083893|-0.32130032777786255|-0.3177388608455658|-0.31523293256759644|
Batch results: -0.3326125144958496|-0.30142468214035034|-0.3227781653404236|-0.3304075002670288|
Batch results: -0.3080171048641205|-0.3437766432762146|-0.3203892707824707|-0.30507880449295044|
Batch results: -0.32789453864097595|-0.3591875731945038|-0.330599308013916|-0.33914852142333984|
Batch results: -0.2996595501899719|-0.3071722984313965|-0.32130730152130127|-0.3323480784893036|
Batch results: -0.31955432891845703|-0.3002723455429077|-0.319589227437973|-0.3002781271934509|
Batch results: -0.3495495915412903|-0.34855765104293823|-0.30044180154800415|-0.32573235034942627|
Batch results: -0.31112414598464966|-0.3309019207954407|-0.3381775915622711|-0.3205304443836212|
Batch results: -0.31827062368392944|-0.3352697491645813|-0.3155550956726074|-0.33139532804489136|
Batch results: -0.3304263651371002|-0.342462956905365|-0.34301459789276123|-0.3475474715232849|
Batch results: -0.3344622850418091|-0.3355337977409363|-0.3068501353263855|-0.3214736878871918|
Batch results: -0.307544469833374|-0.3010745942592621|-0.3281925320625305|-0.32860255241394043|
Batch results: -0.31032052636146545|-0.3365662693977356|-0.3205728530883789|-0.3278355598449707|
Batch results: -0.3093874752521515|-0.30656492710113525|-0.3539935350418091|-0.3202331066131592|
Batch results: -0.3238045573234558|-0.3127683997154236|-0.30932876467704773|-0.345977246761322|
Batch results: -0.336513876914978|-0.3265242576599121|-0.34477585554122925|-0.33942586183547974|
Batch results: -0.3225468099117279|-0.3492740988731384|-0.3125923275947571|-0.341392457485199|
Batch results: -0.30139949917793274|-0.30203768610954285|-0.3561049699783325|-0.33043500781059265|
Batch results: -0.32271328568458557|-0.3220011293888092|-0.3674272894859314|-0.3119809627532959|
Batch results: -0.31388670206069946|-0.354221910238266|-0.3200840651988983|-0.3022693991661072|
Batch results: -0.3366542458534241|-0.3274226784706116|-0.3071640729904175|-0.3325735032558441|
Batch results: -0.3233589828014374|-0.2875410318374634|-0.3073766529560089|-0.3098996877670288|
Batch results: -0.3035264015197754|-0.32410457730293274|-0.3337132930755615|-0.29670649766921997|
Batch results: -0.32967981696128845|-0.3552403748035431|-0.347278892993927|-0.3024066090583801|
Batch results: -0.3428327143192291|-0.32194983959198|-0.35599541664123535|-0.32841193675994873|
Batch results: -0.3212392032146454|-0.32124829292297363|-0.31410691142082214|-0.34247729182243347|
Batch results: -0.3022453188896179|-0.3326282501220703|-0.3023216724395752|-0.3300210237503052|
Batch results: -0.30786046385765076|-0.30456453561782837|-0.3054599165916443|-0.3226744532585144|
Batch results: -0.3195122480392456|-0.32578015327453613|-0.3264153003692627|-0.31465545296669006|
Batch results: -0.34136077761650085|-0.3308454751968384|-0.30996793508529663|-0.3199642598628998|
Batch results: -0.30998891592025757|-0.32852238416671753|-0.3487224578857422|-0.33194223046302795|
Batch results: -0.3165188431739807|-0.3163236379623413|-0.35060495138168335|-0.30095964670181274|
Batch results: -0.2981458306312561|-0.3343738913536072|-0.3212868869304657|-0.3034060299396515|
Batch results: -0.3039891719818115|-0.2911633849143982|-0.31518685817718506|-0.32859063148498535|
Batch results: -0.3375743627548218|-0.3158376216888428|-0.329548716545105|-0.3358013927936554|
Batch results: -0.3389776349067688|-0.3427017629146576|-0.3297942876815796|-0.33206069469451904|
Batch results: -0.3227921724319458|-0.3312648832798004|-0.32966703176498413|-0.310067355632782|
Batch results: -0.32593074440956116|-0.33488929271698|-0.33084654808044434|-0.338528573513031|
Batch results: -0.3104674518108368|-0.33926182985305786|-0.31789398193359375|-0.309411883354187|
Batch results: -0.3393538296222687|-0.2985995411872864|-0.318123996257782|-0.32645100355148315|
Batch results: -0.32336899638175964|-0.3377167582511902|-0.3323615491390228|-0.32964468002319336|
Batch results: -0.32725727558135986|-0.3186955749988556|-0.3355019986629486|-0.3305808901786804|
Batch results: -0.31126439571380615|-0.3338680863380432|-0.3469742238521576|-0.332345575094223|
Batch results: -0.31771495938301086|-0.33943623304367065|-0.34331977367401123|-0.3494991064071655|
Batch results: -0.326114296913147|-0.33461737632751465|-0.33692020177841187|-0.3201478123664856|
Batch results: -0.309420108795166|-0.3139389753341675|-0.32615816593170166|-0.3141133785247803|
Batch results: -0.33435875177383423|-0.31383734941482544|-0.3333139419555664|-0.32229411602020264|
Batch results: -0.32086068391799927|-0.3458353579044342|-0.31874826550483704|-0.2998594641685486|
Batch results: -0.3176925778388977|-0.33666539192199707|-0.3413107991218567|-0.33333370089530945|
Batch results: -0.31810224056243896|-0.30876675248146057|-0.3194434642791748|-0.3413243293762207|
Batch results: -0.34655463695526123|-0.3325060307979584|-0.3175061345100403|-0.32290273904800415|
Batch results: -0.34311479330062866|-0.3089319169521332|-0.3361048698425293|-0.3145083785057068|
Batch results: -0.3053287863731384|-0.29327183961868286|-0.3674876093864441|-0.34310510754585266|
Batch results: -0.3058583736419678|-0.31151366233825684|-0.31623053550720215|-0.3349151015281677|
Batch results: -0.32476806640625|-0.34647274017333984|-0.3308282792568207|-0.3306392431259155|
Batch results: -0.296754390001297|-0.32993876934051514|-0.34839901328086853|-0.32184699177742004|
Batch results: -0.3377075791358948|-0.3365906774997711|-0.32973113656044006|-0.31442758440971375|
Batch results: -0.3465723395347595|-0.31618911027908325|-0.31351667642593384|-0.3137838840484619|
Batch results: -0.3055230975151062|-0.3333338499069214|-0.33693087100982666|-0.3182052969932556|
Batch results: -0.2962656021118164|-0.35360318422317505|-0.347449392080307|-0.3380383849143982|
Batch results: -0.3421410024166107|-0.3310721516609192|-0.33304542303085327|-0.32185155153274536|
Batch results: -0.324388325214386|-0.31921395659446716|-0.3280920386314392|-0.3186917304992676|
Batch results: -0.3065547049045563|-0.3090819716453552|-0.33694708347320557|-0.3308088183403015|
Batch results: -0.31756266951560974|-0.3311673402786255|-0.3285258412361145|-0.3049112558364868|
Batch results: -0.32890793681144714|-0.33363181352615356|-0.3054189383983612|-0.3321393132209778|
Batch results: -0.34175819158554077|-0.31429755687713623|-0.3363613784313202|-0.3006595969200134|
Batch results: -0.3364716172218323|-0.31788474321365356|-0.33338865637779236|-0.32720690965652466|
Batch results: -0.33050721883773804|-0.3130468726158142|-0.33329057693481445|-0.30913546681404114|
Batch results: -0.3228040933609009|-0.33107253909111023|-0.3324192464351654|-0.33532872796058655|
Batch results: -0.33412623405456543|-0.32927820086479187|-0.29656878113746643|-0.33449414372444153|
Batch results: -0.3202066123485565|-0.3247775137424469|-0.3218056559562683|-0.33322805166244507|
Batch results: -0.3235984742641449|-0.3415980935096741|-0.3094813823699951|-0.31657475233078003|
Batch results: -0.3241397738456726|-0.31760597229003906|-0.3263610601425171|-0.31481724977493286|
Batch results: -0.3488290309906006|-0.32283124327659607|-0.3307328522205353|-0.3247663974761963|
Batch results: -0.3345920443534851|-0.31420373916625977|-0.3235819935798645|-0.3183451294898987|
Batch results: -0.347443163394928|-0.3060569167137146|-0.3427365720272064|-0.3335089385509491|
Batch results: -0.3220200538635254|-0.28807854652404785|-0.3188478350639343|-0.3154885768890381|
Batch results: -0.3350275158882141|-0.32310426235198975|-0.3359367847442627|-0.3213927745819092|
Batch results: -0.3042472302913666|-0.32791846990585327|-0.35087788105010986|-0.3149426579475403|
Batch results: -0.30766451358795166|-0.31277573108673096|-0.3467315435409546|-0.3361140191555023|
Batch results: -0.31844276189804077|-0.3430280387401581|-0.31199800968170166|-0.28660982847213745|
Batch results: -0.3354048728942871|-0.3321167230606079|-0.3483389616012573|-0.34355539083480835|
Batch results: -0.3145595192909241|-0.32523608207702637|-0.3170461654663086|-0.31878188252449036|
Batch results: -0.3148220479488373|-0.30412375926971436|-0.3327779173851013|-0.3300522565841675|
Batch results: -0.31322136521339417|-0.334053635597229|-0.33104825019836426|-0.33591556549072266|
Batch results: -0.3352200984954834|-0.3146277368068695|-0.29725855588912964|-0.31908202171325684|
Batch results: -0.35272467136383057|-0.33696290850639343|-0.33058369159698486|-0.34838610887527466|
Batch results: -0.31497514247894287|-0.32990753650665283|-0.31961002945899963|-0.33256950974464417|
Batch results: -0.33695483207702637|-0.2947308421134949|-0.3223307132720947|-0.3125062584877014|
Batch results: -0.33374905586242676|-0.3124377429485321|-0.32665586471557617|-0.3145412802696228|
Batch results: -0.32244157791137695|-0.3325657546520233|-0.34266358613967896|-0.3069181740283966|
Batch results: -0.33646059036254883|-0.31566286087036133|-0.3338305652141571|-0.32304686307907104|
Batch results: -0.29901123046875|-0.34518420696258545|-0.32004308700561523|-0.34935256838798523|
Batch results: -0.33301717042922974|-0.3343057334423065|-0.3119359612464905|-0.3071375787258148|
Batch results: -0.33707284927368164|-0.30367374420166016|-0.32804223895072937|-0.3204997181892395|
Batch results: -0.32996779680252075|-0.3244454860687256|-0.31410878896713257|-0.3499903082847595|
Batch results: -0.3187628388404846|-0.3243728280067444|-0.33585864305496216|-0.3277830481529236|
Batch results: -0.3250230550765991|-0.3161297142505646|-0.3147425651550293|-0.3324953317642212|
Batch results: -0.3331416845321655|-0.3265915513038635|-0.3415486216545105|-0.31418663263320923|
