Batch results: 0.0011040056124329567|0.0011781520443037152|0.0008887609001249075|0.0011215651175007224|
Batch results: 0.0012445171596482396|0.00090181635459885|0.0010235306108370423|0.0009193010628223419|
Batch results: 0.000811909674666822|0.0011959298280999064|0.0009173661819659173|0.0010107564739882946|
Batch results: 0.0012971924152225256|0.0008624981855973601|0.0008810947183519602|0.0008200059528462589|
Batch results: 0.0009232731536030769|0.0010883368086069822|0.0008304356597363949|0.0008418370271101594|
Batch results: 0.0009918976575136185|0.0009561202605254948|0.0007126528071239591|0.0011274955468252301|
Batch results: 0.0009732710313983262|0.0008458934025838971|0.0005578966811299324|0.000856132130138576|
Batch results: 0.0009033142123371363|0.000888636102899909|0.0009102767799049616|0.0010822983458638191|
Batch results: 0.0008089687908068299|0.0007681550923734903|0.0010713367955759168|0.0012076112907379866|
Batch results: 0.001126305665820837|0.000979023170657456|0.0009087515063583851|0.0010966274421662092|
Batch results: 0.0009718990186229348|0.0009245467372238636|0.0006397883989848197|0.0011294768191874027|
Batch results: 0.0009146149968728423|0.00114168762229383|0.001167423091828823|0.001038877759128809|
Batch results: 0.0010355155682191253|0.0010869066463783383|0.0012211163993924856|0.0008052183547988534|
Batch results: 0.000959260854870081|0.0009493496618233621|0.0009586501982994378|0.001179225044324994|
Batch results: 0.000949597277212888|0.0007416207809001207|0.0010058054467663169|0.0010415128199383616|
Batch results: 0.0007913011941127479|0.0008217343711294234|0.0011724329087883234|0.0009386989986523986|
Batch results: 0.001104054506868124|0.0009300503879785538|0.0010500021744519472|0.0007109227008186281|
Batch results: 0.0009692655876278877|0.000997553113847971|0.0009558967431075871|0.001130386721342802|
Batch results: 0.0011221246095374227|0.00116876105312258|0.0008432382019236684|0.0011965627782046795|
Batch results: 0.0011391296284273267|0.0011410691076889634|0.0011137467809021473|0.000819677603431046|
Batch results: 0.0008694807766005397|0.0010540935909375548|0.0011137051042169333|0.000857754610478878|
Batch results: 0.0006679360521957278|0.0009292598115280271|0.0006087069632485509|0.001246000756509602|
Batch results: 0.0009041228331625462|0.0009823404252529144|0.0008465837454423308|0.0010882412316277623|
Batch results: 0.0008305904921144247|0.0008952186908572912|0.0009202170767821372|0.0006564235081896186|
Batch results: 0.001133558340370655|0.0008204221958294511|0.0009310445748269558|0.0008471118635497987|
Batch results: 0.0006042666500434279|0.0010566450655460358|0.0008816607878543437|0.000969576823990792|
Batch results: 0.0011007017455995083|0.0010822121985256672|0.0007679194677621126|0.0010903363581746817|
Batch results: 0.0010234987130388618|0.000970540102571249|0.0012248666025698185|0.001062106341123581|
Batch results: 0.0007662723655812442|0.0010733711533248425|0.0008209942025132477|0.001047234982252121|
Batch results: 0.0008614338585175574|0.0010956963524222374|0.0011313946451991796|0.0010202005505561829|
Batch results: 0.0008520453120581806|0.0009621887584216893|0.0008966337190940976|0.0007735645631328225|
Batch results: 0.0008824356482364237|0.0010560848750174046|0.0007458541076630354|0.0010248653125017881|
Batch results: 0.0009782526176422834|0.0010177975054830313|0.0010498815681785345|0.0008516579400748014|
Batch results: 0.0011804767418652773|0.0009970995597541332|0.0010524473618716002|0.0009898559655994177|
Batch results: 0.0011658892035484314|0.0008410665323026478|0.0010202679550275207|0.0010269290069118142|
Batch results: 0.0010155477793887258|0.001123969559557736|0.000881931628100574|0.0007024639053270221|
Batch results: 0.0009370839688926935|0.001186945242807269|0.0007401519687846303|0.0009262725943699479|
Batch results: 0.00109538109973073|0.00108817289583385|0.0007025022059679031|0.0008449992747046053|
Batch results: 0.0007211623014882207|0.00102352409157902|0.0010242388816550374|0.0010404599597677588|
Batch results: 0.0011447581928223372|0.0006179587217047811|0.0009501539170742035|0.0006531174876727164|
Batch results: 0.0008682756451889873|0.0006367169553413987|0.0010344452457502484|0.0010516275651752949|
Batch results: 0.0008153490489348769|0.0010124300606548786|0.0009759169188328087|0.0010460272897034883|
Batch results: 0.0008267291123047471|0.0009057213319465518|0.0009117243462242186|0.0010841916082426906|
Batch results: 0.001518308068625629|0.0010157087817788124|0.000986835453659296|0.0007831784896552563|
Batch results: 0.0009789325995370746|0.0009395697852596641|0.001034255139529705|0.0010054195299744606|
Batch results: 0.000809009070508182|0.0007857853779569268|0.0008124304004013538|0.0009279256337322295|
Batch results: 0.0010834410786628723|0.0009654078166931868|0.0008083931170403957|0.0008716285810805857|
Batch results: 0.001143446541391313|0.0009953391272574663|0.0011054659262299538|0.0010483968071639538|
Batch results: 0.0011869617737829685|0.0006950604729354382|0.0010981162777170539|0.0008330020355060697|
Batch results: 0.0007968766149133444|0.0007927948608994484|0.0010058502666652203|0.0010052823927253485|
Batch results: 0.0010830849641934037|0.0011333837173879147|0.0007760372245684266|0.0009598700562492013|
Batch results: 0.0010633119381964207|0.0007556101190857589|0.0010385304922237992|0.0007609581807628274|
Batch results: 0.000532106205355376|0.001169694121927023|0.0010093862656503916|0.0007741749286651611|
Batch results: 0.0007316627888940275|0.0009799450635910034|0.0011523048160597682|0.0008266530930995941|
Batch results: 0.0011341064237058163|0.0009872617665678263|0.0010736545082181692|0.0006017293781042099|
Batch results: 0.0012978831073269248|0.0007779693114571273|0.0007451915298588574|0.0009255298646166921|
Batch results: 0.001161784864962101|0.0009188361000269651|0.0011451549362391233|0.0010806978680193424|
Batch results: 0.0011786568211391568|0.001105244504287839|0.0008309951517730951|0.0008971199858933687|
Batch results: 0.0008629481308162212|0.0007284756284207106|0.0009531730320304632|0.001050961553119123|
Batch results: 0.0011612959206104279|0.0008174802642315626|0.0009775605285540223|0.0008462746627628803|
Batch results: 0.0007411136175505817|0.0007616548682563007|0.0008512807544320822|0.0011247983202338219|
Batch results: 0.0009157238528132439|0.001242274884134531|0.0008688952075317502|0.0015834772493690252|
Batch results: 0.0008472306653857231|0.000609878683462739|0.0010850870748981833|0.0012004559393972158|
Batch results: 0.0008026792202144861|0.000777709181420505|0.000989121850579977|0.0011785058304667473|
Batch results: 0.0008657581638544798|0.000822669651824981|0.0010346812196075916|0.0011008044239133596|
Batch results: 0.0006652924930676818|0.000881080748513341|0.000858686282299459|0.0010484926169738173|
Batch results: 0.0012910871300846338|0.0012008093763142824|0.0008735505398362875|0.0007876908639445901|
Batch results: 0.0009812911739572883|0.0010624483693391085|0.0010220096446573734|0.0008821242954581976|
Batch results: 0.0008022455731406808|0.0007514801109209657|0.0009559160098433495|0.0008201376767829061|
Batch results: 0.0007966214907355607|0.0008443198748864233|0.00047663034638389945|0.0008822930976748466|
Batch results: 0.000696094473823905|0.000989031745120883|0.001094979583285749|0.0009774581994861364|
Batch results: 0.0008040907559916377|0.0010386193171143532|0.0009315740899182856|0.0007487182738259435|
Batch results: 0.0010565522825345397|0.0008361994987353683|0.0008918291423469782|0.0007599100936204195|
Batch results: 0.0007020612247288227|0.0007965994882397354|0.0008561152499169111|0.0009639274794608355|
Batch results: 0.000917449127882719|0.0007956031477078795|0.0008900464163161814|0.000890488619916141|
Batch results: 0.0008933314238674939|0.0007744366303086281|0.0006736519280821085|0.0007578718359582126|
Batch results: 0.0007855288567952812|0.0010223593562841415|0.0010814601555466652|0.0008028977317735553|
Batch results: 0.0008178232237696648|0.0007854875293560326|0.000857075210660696|0.0009445466566830873|
Batch results: 0.000932222930714488|0.0007659621187485754|0.0007578015211038291|0.0009726939024403691|
Batch results: 0.0009912765817716718|0.0007096451008692384|0.0006749277818016708|0.0006852305377833545|
Batch results: 0.0007467695395462215|0.000693675538059324|0.0006746823200955987|0.0007968796999193728|
Batch results: 0.0007437357562594116|0.0009554554708302021|0.0008849199512042105|0.0008613687241449952|
Batch results: 0.0010277056135237217|0.0008378563215956092|0.0010161248501390219|0.0009181742207147181|
Batch results: 0.0008765047532506287|0.0008429825538769364|0.0009413427906110883|0.0008271974511444569|
Batch results: 0.0007786152418702841|0.0010197359370067716|0.000847675371915102|0.0009468933567404747|
Batch results: 0.0011408913414925337|0.0006173126166686416|0.0007583756814710796|0.0008362612570635974|
Batch results: 0.0010112616000697017|0.0010057223262265325|0.0008890636963769794|0.0008081182022579014|
Batch results: 0.0008108223555609584|0.0009629001142457128|0.000761836301535368|0.0011785810347646475|
Batch results: 0.000818710308521986|0.0008326506358571351|0.000999118434265256|0.0010694671655073762|
Batch results: 0.000776112952735275|0.0008775205351412296|0.0008370765135623515|0.0009867303306236863|
Batch results: 0.0010697990655899048|0.0007071654545143247|0.0009126785444095731|0.0009661145741119981|
Batch results: 0.0008690680842846632|0.000968493870459497|0.0008861655951477587|0.0009096130961552262|
Batch results: 0.0010015880689024925|0.0008103929576463997|0.0009293265175074339|0.0010640156688168645|
Batch results: 0.0008118579862639308|0.0009718837100081146|0.0008517316309735179|0.0011809305287897587|
Batch results: 0.0008742519421502948|0.0007935870671644807|0.0009663684177212417|0.0007327027269639075|
Batch results: 0.00102327112108469|0.0008835805347189307|0.0007588354055769742|0.0012125188950449228|
Batch results: 0.000976338516920805|0.0008297021267935634|0.0006518132286146283|0.0008510833140462637|
Batch results: 0.0007516996120102704|0.0007521070656366646|0.000890307710506022|0.0006624142406508327|
Batch results: 0.0009827440371736884|0.0006945038330741227|0.0008056795340962708|0.0009856397518888116|
Batch results: 0.0009129115496762097|0.0008233035914599895|0.0008075167424976826|0.0010179700329899788|
Batch results: 0.0008628349751234055|0.0008296041050925851|0.0006636740872636437|0.0007097403868101537|
Batch results: 0.000747334270272404|0.001021132105961442|0.0010223332792520523|0.0011367916595190763|
Batch results: 0.0006611279095523059|0.0009532899712212384|0.000755967281293124|0.0008172477828338742|
Batch results: 0.0009938835864886642|0.0008453676709905267|0.0007629790925420821|0.0008243187330663204|
Batch results: 0.0008960962877608836|0.0009553486597724259|0.0007147594005800784|0.000817317864857614|
Batch results: 0.0007177154766395688|0.0008603039896115661|0.0008779321797192097|0.0007757426938042045|
Batch results: 0.0008767453255131841|0.0007884633378125727|0.0008466382278129458|0.0010426208609715104|
Batch results: 0.0007640739786438644|0.0011169023346155882|0.0007608138839714229|0.0009012036025524139|
Batch results: 0.0009983978234231472|0.0008848144789226353|0.001116851344704628|0.0010022780625149608|
Batch results: 0.0007866574451327324|0.0011738949688151479|0.0009595234878361225|0.0007936247275210917|
Batch results: 0.0008168669883161783|0.0008073020144365728|0.0010592065518721938|0.000721102231182158|
Batch results: 0.0008393325842916965|0.0009113501291722059|0.0007640846306458116|0.0009682627860456705|
Batch results: 0.0008892801124602556|0.0011478879023343325|0.0009031846420839429|0.0008897589286789298|
Batch results: 0.0008005909621715546|0.0009796046651899815|0.0010359336156398058|0.0010887638200074434|
Batch results: 0.0007750022341497242|0.0008522920543327928|0.0008689679089002311|0.000814653467386961|
Batch results: 0.0009533778065815568|0.0007852223934605718|0.0007921375799924135|0.0010268106125295162|
Batch results: 0.0010660146363079548|0.0010821314062923193|0.0007141147507354617|0.0006002150475978851|
Batch results: 0.0006903210887685418|0.0009421379072591662|0.0007798927836120129|0.0007594124181196094|
Batch results: 0.0009105253266170621|0.0008270943071693182|0.000768022146075964|0.0008483102428726852|
Batch results: 0.0008936974336393178|0.0008376537007279694|0.0009681395604275167|0.0009083637851290405|
Batch results: 0.0007800753810442984|0.0007561239181086421|0.0006931473035365343|0.0008216904243454337|
Batch results: 0.001010823529213667|0.00099774613045156|0.000941937614697963|0.000803103088401258|
Batch results: 0.0009317004587501287|0.0009455657564103603|0.0008252630941569805|0.0007642232812941074|
Batch results: 0.0007652455242350698|0.0006686182459816337|0.0007059896015562117|0.0006034760153852403|
Batch results: 0.00092562340432778|0.0009594393777661026|0.0009747456642799079|0.00107029196806252|
Batch results: 0.0006455781986005604|0.0008715142612345517|0.0011822149390354753|0.0009343960555270314|
Batch results: 0.0008618777501396835|0.0008903977577574551|0.0008438973454758525|0.0009753977647051215|
Batch results: 0.0008029242162592709|0.0008828355930745602|0.0009409851627424359|0.0010980424704030156|
Batch results: 0.0007683989824727178|0.0009548839298076928|0.0008941689739003778|0.0009569715475663543|
Batch results: 0.0008938979590311646|0.0008405855624005198|0.00080811174120754|0.0008248360827565193|
Batch results: 0.0006648565176874399|0.0009180143242701888|0.000983880483545363|0.000811515492387116|
Batch results: 0.0009292449685744941|0.000872486736625433|0.000743046635761857|0.0010208615567535162|
Batch results: 0.000822387752123177|0.0010653934441506863|0.0007502511725760996|0.0012031032238155603|
Batch results: 0.0007358990842476487|0.0008846849086694419|0.0009673518361523747|0.0008657715516164899|
Batch results: 0.0009226158726960421|0.0008584163733758032|0.0008329974371008575|0.0010723357554525137|
Batch results: 0.0009089864906854928|0.0007743383175693452|0.0011127113830298185|0.000745928380638361|
Batch results: 0.0007733751554042101|0.0008981056162156165|0.0008945035515353084|0.000866724003572017|
Batch results: 0.0011344559025019407|0.0008426917484030128|0.0007122628740034997|0.0006968841189518571|
Batch results: 0.0009554672869853675|0.0009066328057087958|0.0007368497317656875|0.0008360485080629587|
Batch results: 0.0008877679356373847|0.0008511558407917619|0.0008512098575010896|0.001117650419473648|
Batch results: 0.0010122127132490277|0.0010112576419487596|0.0008496014634147286|0.0007993015460669994|
Batch results: 0.0008958283578976989|0.0007454060250893235|0.0010974030010402203|0.0006649706047028303|
Batch results: 0.0007668322650715709|0.0010097404010593891|0.0008531526545993984|0.0009405863238498569|
Batch results: 0.0007537798956036568|0.0008148971246555448|0.0009274327894672751|0.0010072585428133607|
Batch results: 0.0007896391907706857|0.0010439578909426928|0.0008903901325538754|0.0007001921767368913|
Batch results: 0.000987999839708209|0.0008920435793697834|0.0007110272999852896|0.0009686913690529764|
Batch results: 0.0008106990135274827|0.000961906451266259|0.0008476523798890412|0.0009744580602273345|
Batch results: 0.0008970247581601143|0.0008573391824029386|0.0008188250940293074|0.0007543142419308424|
Batch results: 0.0011263543274253607|0.0006564322975464165|0.000632031646091491|0.0009511454845778644|
Batch results: 0.001034584827721119|0.0008422659011557698|0.0009070775704458356|0.0010424937354400754|
Batch results: 0.001049721846356988|0.0008408342255279422|0.0008202260360121727|0.0007516696932725608|
Batch results: 0.0009160515619441867|0.0010699717095121741|0.0008173973765224218|0.0007567314896732569|
Batch results: 0.0011986690806224942|0.0008279146859422326|0.001023635035380721|0.0009127872181124985|
Batch results: 0.0009382223361171782|0.0007343818433582783|0.0010084337554872036|0.0008084624423645437|
Batch results: 0.0008727775420993567|0.0007278153207153082|0.0008290611440315843|0.0009258375503122807|
Batch results: 0.0008765701204538345|0.0010659669060260057|0.0011039535747841|0.0009839651174843311|
Batch results: 0.001019541290588677|0.0008385562105104327|0.0006524972850456834|0.0006029633805155754|
Batch results: 0.0008478463278152049|0.0011421861127018929|0.0009646254475228488|0.0008219406590797007|
Batch results: 0.0008373443852178752|0.000892789161298424|0.0007890308042988181|0.0008267383673228323|
Batch results: 0.0008695879951119423|0.0007945226971060038|0.000997269293293357|0.0009044100879691541|
Batch results: 0.0008641036110930145|0.0008095236262306571|0.0009196685859933496|0.0009093678090721369|
Batch results: 0.00048524062731303275|0.0008963908185251057|0.00107091898098588|0.0006431268993765116|
Batch results: 0.0010500478092581034|0.0008493157802149653|0.0008099332917481661|0.0006954497657716274|
Batch results: 0.0007866943487897515|0.0008886598516255617|0.0010864944197237492|0.0007512192823924124|
Batch results: 0.0007941622752696276|0.0008177146082744002|0.0009961554314941168|0.0008793350425548851|
Batch results: 0.000977309187874198|0.000922851380892098|0.0009297033539041877|0.0008615996921434999|
Batch results: 0.000825300463475287|0.0009461908484809101|0.0008593813399784267|0.000946920714341104|
Batch results: 0.0008117203251458704|0.000805409625172615|0.0009463327005505562|0.0010747516062110662|
Batch results: 0.001072272309102118|0.0007549839792773128|0.0007943252567201853|0.0008729317341931164|
Batch results: 0.0009339209645986557|0.001015312154777348|0.0010567972203716636|0.0008942906279116869|
Batch results: 0.0009733378537930548|0.000904531916603446|0.0007975336629897356|0.0009188729454763234|
Batch results: 0.0008410887094214559|0.0006491905660368502|0.0008043370908126235|0.0010983641259372234|
Batch results: 0.0008517862297594547|0.0008377727353945374|0.0008959564147517085|0.0009058895520865917|
Batch results: 0.0008856647182255983|0.0009584836661815643|0.0009663514792919159|0.0009274006588384509|
Batch results: 0.000847187708131969|0.000949014094658196|0.0010646810987964272|0.000764612341299653|
Batch results: 0.0006867229240015149|0.0010190968168899417|0.0008171979570761323|0.0009620305499993265|
Batch results: 0.0006730649038217962|0.0008889137534424663|0.0009803681168705225|0.0007913595763966441|
Batch results: 0.0008308162214234471|0.0006458296556957066|0.0008685946231707931|0.0009645434329286218|
