Batch results: 0.7860602736473083|0.7210906147956848|0.7520582675933838|0.7549196481704712|
Batch results: 0.7564001083374023|0.7437171936035156|0.759436845779419|0.7709911465644836|
Batch results: 0.7221076488494873|0.7024478316307068|0.7304640412330627|0.7873325347900391|
Batch results: 0.7551677227020264|0.7568355798721313|0.7380088567733765|0.739509642124176|
Batch results: 0.7459947466850281|0.7554656267166138|0.7648836970329285|0.7317708730697632|
Batch results: 0.7660288214683533|0.7559983134269714|0.7345635890960693|0.7473512887954712|
Batch results: 0.7461708188056946|0.7355468273162842|0.7141752243041992|0.7507084608078003|
Batch results: 0.788323163986206|0.7607508301734924|0.7710881233215332|0.7253164649009705|
Batch results: 0.7297157049179077|0.7443515658378601|0.7291618585586548|0.7114965319633484|
Batch results: 0.7102338671684265|0.7798867225646973|0.7673993110656738|0.7351220846176147|
Batch results: 0.7399893999099731|0.7572847604751587|0.7483514547348022|0.7596480250358582|
Batch results: 0.7672901749610901|0.7739719748497009|0.7367233037948608|0.7791520357131958|
Batch results: 0.7974646687507629|0.7690986394882202|0.750417172908783|0.7661670446395874|
Batch results: 0.7219911217689514|0.765351414680481|0.7304770946502686|0.7369325160980225|
Batch results: 0.7827772498130798|0.7603604793548584|0.7710539698600769|0.7408244609832764|
Batch results: 0.7511486411094666|0.7238257527351379|0.7047450542449951|0.7430649995803833|
Batch results: 0.7574937343597412|0.7576139569282532|0.7285367250442505|0.7383154034614563|
Batch results: 0.7523199319839478|0.790301501750946|0.7596859335899353|0.7400691509246826|
Batch results: 0.744736909866333|0.718122661113739|0.7457774877548218|0.7458046674728394|
Batch results: 0.7632855176925659|0.7519091963768005|0.7668646574020386|0.756745457649231|
Batch results: 0.7753543853759766|0.7343389987945557|0.7459430694580078|0.7531022429466248|
Batch results: 0.7537115812301636|0.7524853944778442|0.7419971823692322|0.7036716938018799|
Batch results: 0.7286720275878906|0.7582149505615234|0.722816526889801|0.7484540343284607|
Batch results: 0.7327007055282593|0.7195549011230469|0.7501441240310669|0.7225620746612549|
Batch results: 0.7715349197387695|0.7285901308059692|0.7705976963043213|0.7429773807525635|
Batch results: 0.7109251618385315|0.7284600138664246|0.7517391443252563|0.7648849487304688|
Batch results: 0.7613925337791443|0.752398669719696|0.7699564695358276|0.7811537384986877|
Batch results: 0.7304092645645142|0.7645618319511414|0.7039452791213989|0.7711490988731384|
Batch results: 0.7188737392425537|0.7522369623184204|0.7561253905296326|0.7554315328598022|
Batch results: 0.7419610023498535|0.7478436231613159|0.7343255281448364|0.7361548542976379|
Batch results: 0.7243762612342834|0.7635533809661865|0.746529221534729|0.7426900267601013|
Batch results: 0.8010694980621338|0.768608570098877|0.699789822101593|0.7508326768875122|
Batch results: 0.7197086811065674|0.75163334608078|0.7016224265098572|0.7475646734237671|
Batch results: 0.7376318573951721|0.7916989922523499|0.7709152698516846|0.7563461661338806|
Batch results: 0.7184197306632996|0.7843822836875916|0.7393571734428406|0.7155433893203735|
Batch results: 0.718133270740509|0.7443475127220154|0.7377933859825134|0.7245877385139465|
Batch results: 0.7422549724578857|0.7455053329467773|0.7247548699378967|0.7583656311035156|
Batch results: 0.7281069159507751|0.75090491771698|0.7576593160629272|0.7460336089134216|
Batch results: 0.750980019569397|0.7585445642471313|0.7429980039596558|0.7284592390060425|
Batch results: 0.7757924795150757|0.7600992321968079|0.7525112628936768|0.7171883583068848|
Batch results: 0.7153897881507874|0.7569828629493713|0.7501944899559021|0.7495794296264648|
Batch results: 0.7541946172714233|0.739251971244812|0.7284676432609558|0.7829228639602661|
Batch results: 0.7716086506843567|0.7138385772705078|0.7822964191436768|0.7626557350158691|
Batch results: 0.7551595568656921|0.713378369808197|0.7329525351524353|0.7758276462554932|
Batch results: 0.732458233833313|0.7417421340942383|0.7714626789093018|0.7686749696731567|
Batch results: 0.7181015610694885|0.7346304059028625|0.730187177658081|0.7575962543487549|
Batch results: 0.7645260691642761|0.7840743064880371|0.7326706647872925|0.7295982837677002|
Batch results: 0.791298508644104|0.7212643027305603|0.7483932971954346|0.7729442119598389|
Batch results: 0.7356584072113037|0.7397700548171997|0.7475584745407104|0.7568873763084412|
Batch results: 0.7486116886138916|0.7541443109512329|0.7430546283721924|0.7505803108215332|
Batch results: 0.7242550253868103|0.7409090995788574|0.7439121007919312|0.746786892414093|
Batch results: 0.7535518407821655|0.7478980422019958|0.7521609663963318|0.7535206079483032|
Batch results: 0.7524787187576294|0.7326257228851318|0.7151644825935364|0.7270703911781311|
Batch results: 0.7735253572463989|0.7598022222518921|0.7887749671936035|0.7298054695129395|
Batch results: 0.774612307548523|0.7468977570533752|0.7425553202629089|0.7698560953140259|
Batch results: 0.7564060688018799|0.7646347880363464|0.736960768699646|0.7878893613815308|
Batch results: 0.726839542388916|0.745026707649231|0.7499775886535645|0.7705450057983398|
Batch results: 0.7362581491470337|0.722499668598175|0.7308990359306335|0.7785036563873291|
Batch results: 0.7673788666725159|0.7680078744888306|0.7591568231582642|0.7282086610794067|
Batch results: 0.7674473524093628|0.7676872611045837|0.6947334408760071|0.748343288898468|
Batch results: 0.7310808300971985|0.749420702457428|0.775313138961792|0.7061187624931335|
Batch results: 0.7553214430809021|0.7453793287277222|0.763126015663147|0.7652594447135925|
Batch results: 0.7320582270622253|0.7458396553993225|0.7658564448356628|0.7927669286727905|
Batch results: 0.7399416565895081|0.7345630526542664|0.719389796257019|0.7000190019607544|
Batch results: 0.7384304404258728|0.7608399391174316|0.7725756168365479|0.7120409607887268|
Batch results: 0.7206913828849792|0.7268741130828857|0.7420265078544617|0.7744311094284058|
Batch results: 0.758984386920929|0.7829775214195251|0.732693076133728|0.7503319978713989|
Batch results: 0.7351267337799072|0.7484480142593384|0.7383971214294434|0.7332982420921326|
Batch results: 0.7620185613632202|0.732460618019104|0.7521149516105652|0.758452832698822|
Batch results: 0.7510889768600464|0.7625162601470947|0.7526060342788696|0.7819544076919556|
Batch results: 0.7561179995536804|0.7658807039260864|0.7577856779098511|0.7339522838592529|
Batch results: 0.7205232977867126|0.788901150226593|0.7536032199859619|0.734923243522644|
Batch results: 0.7395631074905396|0.7471152544021606|0.7805109620094299|0.7731836438179016|
Batch results: 0.7284437417984009|0.7010261416435242|0.7449845671653748|0.7490238547325134|
Batch results: 0.74921715259552|0.7488770484924316|0.7528054118156433|0.7514148950576782|
Batch results: 0.7439663410186768|0.7420796751976013|0.7088050246238708|0.7298034429550171|
Batch results: 0.7515698075294495|0.7415980696678162|0.7670066952705383|0.7338471412658691|
Batch results: 0.7813637852668762|0.6977949142456055|0.7809388637542725|0.7270700335502625|
Batch results: 0.7485986948013306|0.7440819144248962|0.7266038656234741|0.7434044480323792|
Batch results: 0.7990437150001526|0.731566309928894|0.7638559937477112|0.7148053050041199|
Batch results: 0.7537981271743774|0.7534708380699158|0.7828338146209717|0.7283864617347717|
Batch results: 0.7537933588027954|0.7541179656982422|0.730964183807373|0.7655816078186035|
Batch results: 0.7160624861717224|0.7262150049209595|0.7631122469902039|0.7228705286979675|
Batch results: 0.7647749781608582|0.7574872970581055|0.7634585499763489|0.7930574417114258|
Batch results: 0.7537567615509033|0.7275933623313904|0.781703770160675|0.750058114528656|
Batch results: 0.7268060445785522|0.744312584400177|0.7430803775787354|0.7087333798408508|
Batch results: 0.7697924971580505|0.7498148679733276|0.7699496150016785|0.7300914525985718|
Batch results: 0.7394521832466125|0.7284478545188904|0.7611888647079468|0.7111261487007141|
Batch results: 0.767509400844574|0.7638334035873413|0.7131348848342896|0.7216970920562744|
Batch results: 0.7198482751846313|0.7608263492584229|0.7461225390434265|0.7516977787017822|
Batch results: 0.6944658160209656|0.7177571058273315|0.7636056542396545|0.73377925157547|
Batch results: 0.7659707069396973|0.7225744128227234|0.7115405797958374|0.7561509609222412|
Batch results: 0.7649276256561279|0.7034633159637451|0.7647472023963928|0.7539806365966797|
Batch results: 0.7669579982757568|0.7338215112686157|0.7171777486801147|0.7651914954185486|
Batch results: 0.7657546997070312|0.7126359343528748|0.7558149099349976|0.7297208309173584|
Batch results: 0.7763330340385437|0.7424558997154236|0.747050940990448|0.7258005142211914|
Batch results: 0.7371795773506165|0.7684294581413269|0.730928897857666|0.7219010591506958|
Batch results: 0.7416267991065979|0.7077264189720154|0.7235533595085144|0.7464129328727722|
Batch results: 0.715692937374115|0.7430962324142456|0.7668020725250244|0.7344417572021484|
Batch results: 0.7482200264930725|0.7411319017410278|0.7324062585830688|0.7312695980072021|
Batch results: 0.7899935841560364|0.7309033870697021|0.7549297213554382|0.7769375443458557|
Batch results: 0.7287861704826355|0.7754961848258972|0.7362545728683472|0.7340483069419861|
Batch results: 0.7756139636039734|0.7703473567962646|0.7480856776237488|0.778012752532959|
Batch results: 0.7141777873039246|0.7510877847671509|0.7558314800262451|0.7565338015556335|
Batch results: 0.7404401302337646|0.7439550161361694|0.742040753364563|0.7190921902656555|
Batch results: 0.7428559064865112|0.7598766088485718|0.7384955883026123|0.7178441882133484|
Batch results: 0.6931279301643372|0.7987130284309387|0.7321406602859497|0.7599005103111267|
Batch results: 0.7185400128364563|0.7686593532562256|0.7034675478935242|0.7561253905296326|
Batch results: 0.7425006031990051|0.711078405380249|0.767789363861084|0.7343792915344238|
Batch results: 0.7446395754814148|0.7417118549346924|0.7092323303222656|0.7330222129821777|
Batch results: 0.7265214323997498|0.7292556762695312|0.7208641171455383|0.7494208812713623|
Batch results: 0.7685256004333496|0.7560768127441406|0.7683731317520142|0.7332516312599182|
Batch results: 0.7572497725486755|0.727507472038269|0.7687827944755554|0.7581851482391357|
Batch results: 0.7715314030647278|0.7030588388442993|0.723889946937561|0.734227180480957|
Batch results: 0.7385741472244263|0.7241165637969971|0.6832230091094971|0.7550634741783142|
Batch results: 0.7559438347816467|0.7790791988372803|0.7228600978851318|0.7343840599060059|
Batch results: 0.7339128255844116|0.7424910068511963|0.7517051100730896|0.7898299098014832|
Batch results: 0.7167713642120361|0.770721971988678|0.8008108735084534|0.7510778307914734|
Batch results: 0.7371933460235596|0.7699171900749207|0.7646567225456238|0.7534663081169128|
Batch results: 0.7303329706192017|0.7496529817581177|0.728352427482605|0.737409770488739|
Batch results: 0.766094446182251|0.7746824026107788|0.7605104446411133|0.7632977366447449|
Batch results: 0.7274013161659241|0.7523919939994812|0.6906158924102783|0.7337988615036011|
Batch results: 0.7484385371208191|0.7642326354980469|0.7613945007324219|0.7503128051757812|
Batch results: 0.7334256768226624|0.7743538022041321|0.743476152420044|0.7599267959594727|
Batch results: 0.7526447772979736|0.73936527967453|0.7668006420135498|0.7495406270027161|
Batch results: 0.7718951106071472|0.7507386207580566|0.7779163718223572|0.7100066542625427|
Batch results: 0.7242242693901062|0.7592882513999939|0.7543845176696777|0.7529723048210144|
Batch results: 0.7141554355621338|0.7589414119720459|0.7049816846847534|0.7463331818580627|
Batch results: 0.7094576954841614|0.7185267210006714|0.7314924597740173|0.7504921555519104|
Batch results: 0.7543127536773682|0.7762735486030579|0.7291176319122314|0.7338289022445679|
Batch results: 0.7290844321250916|0.7353096008300781|0.7560166120529175|0.7551965713500977|
Batch results: 0.775738537311554|0.7615755200386047|0.7408064007759094|0.7537561058998108|
Batch results: 0.7538785934448242|0.7230582237243652|0.7360827326774597|0.7491258978843689|
Batch results: 0.7448657751083374|0.7688844799995422|0.7530041933059692|0.7264652252197266|
Batch results: 0.7341523170471191|0.7716709971427917|0.7467854022979736|0.7687680721282959|
Batch results: 0.7341794371604919|0.7228959798812866|0.7441534399986267|0.7432599067687988|
Batch results: 0.7158204913139343|0.7462325096130371|0.7618059515953064|0.7571598887443542|
Batch results: 0.7334421873092651|0.7876265048980713|0.7251149415969849|0.7655909061431885|
Batch results: 0.7460191249847412|0.7549671530723572|0.7410200238227844|0.7852017283439636|
Batch results: 0.7526975274085999|0.7690105438232422|0.7858741283416748|0.7542325854301453|
Batch results: 0.764288604259491|0.7594971060752869|0.7726739048957825|0.7610336542129517|
Batch results: 0.7548681497573853|0.7681169509887695|0.7480578422546387|0.7407617568969727|
Batch results: 0.7656658887863159|0.7547678351402283|0.7277629375457764|0.7581963539123535|
Batch results: 0.7483612298965454|0.7310401797294617|0.761958122253418|0.7890315651893616|
Batch results: 0.6938462853431702|0.7438048124313354|0.7193741202354431|0.7123222351074219|
Batch results: 0.7832772135734558|0.7573563456535339|0.7527368068695068|0.7269235253334045|
Batch results: 0.7432347536087036|0.7450661063194275|0.8045562505722046|0.7441055178642273|
Batch results: 0.7075807452201843|0.7226250767707825|0.7431561946868896|0.7353605031967163|
Batch results: 0.7288389205932617|0.7628731727600098|0.7214593887329102|0.7577177286148071|
Batch results: 0.7549008131027222|0.7363306283950806|0.7436724901199341|0.7824607491493225|
Batch results: 0.7309374213218689|0.7264313697814941|0.7428703904151917|0.7544234395027161|
Batch results: 0.7121769785881042|0.7388136386871338|0.7689170837402344|0.7554579973220825|
Batch results: 0.7427635192871094|0.7220122218132019|0.7533257007598877|0.7608131170272827|
Batch results: 0.7279331088066101|0.7760193943977356|0.7656551599502563|0.7536718249320984|
Batch results: 0.7525535225868225|0.7753340601921082|0.7693802118301392|0.7357779741287231|
Batch results: 0.7382915019989014|0.7524114847183228|0.7145296931266785|0.7520546913146973|
Batch results: 0.7602422833442688|0.7191377282142639|0.7464507222175598|0.7572198510169983|
Batch results: 0.7428164482116699|0.7531893253326416|0.6992204189300537|0.7842678427696228|
Batch results: 0.7401562929153442|0.7534676790237427|0.714309573173523|0.7492093443870544|
Batch results: 0.7482461929321289|0.7247176170349121|0.7381693720817566|0.7409915924072266|
Batch results: 0.7383654117584229|0.7567141056060791|0.715876579284668|0.730248212814331|
Batch results: 0.7195387482643127|0.72893226146698|0.7601738572120667|0.7425692081451416|
Batch results: 0.7652862668037415|0.7686456441879272|0.7560601830482483|0.7496083378791809|
Batch results: 0.78915935754776|0.7321547269821167|0.7689701914787292|0.7191107869148254|
Batch results: 0.7513892650604248|0.7700837850570679|0.6924322843551636|0.7683066725730896|
Batch results: 0.7596058249473572|0.7495649456977844|0.770187497138977|0.7231308221817017|
Batch results: 0.7285714745521545|0.7561763525009155|0.7574561834335327|0.825776219367981|
Batch results: 0.7489420175552368|0.7750259041786194|0.7373166680335999|0.766719400882721|
Batch results: 0.7279470562934875|0.7682269811630249|0.7630549073219299|0.72789067029953|
Batch results: 0.7802804708480835|0.7145565748214722|0.7788017392158508|0.7309719324111938|
Batch results: 0.7302684783935547|0.7492274045944214|0.7504367828369141|0.7355645895004272|
Batch results: 0.7520959377288818|0.7215039134025574|0.7611814141273499|0.7672349214553833|
Batch results: 0.7210105061531067|0.7052509784698486|0.7742259502410889|0.6979515552520752|
Batch results: 0.7402536273002625|0.7399851679801941|0.7347033619880676|0.7086536884307861|
Batch results: 0.7282623648643494|0.7220954298973083|0.7492923736572266|0.7632084488868713|
Batch results: 0.7091166377067566|0.7375199198722839|0.7658007144927979|0.7437520623207092|
Batch results: 0.7682146430015564|0.7765606641769409|0.749980628490448|0.7540740370750427|
Batch results: 0.7413030862808228|0.7441496849060059|0.759218692779541|0.7909895181655884|
