Batch results: -5.897750377655029|-5.857417583465576|-5.900269031524658|-5.851138114929199|
Batch results: -5.861209869384766|-5.919676303863525|-5.913510799407959|-5.875234127044678|
Batch results: -5.929093837738037|-5.871388912200928|-5.908208847045898|-5.842251300811768|
Batch results: -5.886269569396973|-5.848657608032227|-5.8944010734558105|-5.819604396820068|
Batch results: -5.917074680328369|-5.820347785949707|-5.907430648803711|-5.902667999267578|
Batch results: -5.882685661315918|-5.889920711517334|-5.908814430236816|-5.869764804840088|
Batch results: -5.841763496398926|-5.865854740142822|-5.882968902587891|-5.910006523132324|
Batch results: -5.888615131378174|-5.857481002807617|-5.920461654663086|-5.901811599731445|
Batch results: -5.9039716720581055|-5.935776233673096|-5.812708854675293|-5.831315040588379|
Batch results: -5.919394493103027|-5.89808464050293|-5.926384925842285|-5.900045394897461|
Batch results: -5.939504623413086|-5.906123161315918|-5.8759284019470215|-5.880429744720459|
Batch results: -5.878129482269287|-5.922499179840088|-5.847925662994385|-5.895977973937988|
Batch results: -5.897057056427002|-5.888701438903809|-5.887813568115234|-5.873105525970459|
Batch results: -5.843827247619629|-5.9064621925354|-5.90608549118042|-5.8993144035339355|
Batch results: -5.924267768859863|-5.908111572265625|-5.928625106811523|-5.91496467590332|
Batch results: -5.882823467254639|-5.91163444519043|-5.895322799682617|-5.814842700958252|
Batch results: -5.882511138916016|-5.857905864715576|-5.896942138671875|-5.862755298614502|
Batch results: -5.871901512145996|-5.922083854675293|-5.926294326782227|-5.898468017578125|
Batch results: -5.8511152267456055|-5.881313323974609|-5.887587070465088|-5.8951544761657715|
Batch results: -5.845590591430664|-5.923853874206543|-5.852267265319824|-5.910399436950684|
Batch results: -5.91439151763916|-5.914150238037109|-5.868237495422363|-5.870810508728027|
Batch results: -5.893006324768066|-5.905909061431885|-5.888413429260254|-5.892956256866455|
Batch results: -5.860530853271484|-5.885929584503174|-5.92594051361084|-5.907204627990723|
Batch results: -5.841658115386963|-5.800628185272217|-5.836698532104492|-5.88389778137207|
Batch results: -5.877367973327637|-5.9251251220703125|-5.891150951385498|-5.906169414520264|
Batch results: -5.921626091003418|-5.884974002838135|-5.924610137939453|-5.873942852020264|
Batch results: -5.8901872634887695|-5.9106011390686035|-5.918376445770264|-5.867395877838135|
Batch results: -5.933724403381348|-5.913259983062744|-5.939487934112549|-5.907647609710693|
Batch results: -5.869017601013184|-5.9293599128723145|-5.896203994750977|-5.916100025177002|
Batch results: -5.8727498054504395|-5.875425338745117|-5.873442649841309|-5.9166669845581055|
Batch results: -5.917651176452637|-5.846732139587402|-5.827009201049805|-5.921289443969727|
Batch results: -5.873459815979004|-5.904018878936768|-5.820566177368164|-5.912570476531982|
Batch results: -5.9132914543151855|-5.879851341247559|-5.913098335266113|-5.8830156326293945|
Batch results: -5.889397144317627|-5.899242401123047|-5.869294166564941|-5.902591228485107|
Batch results: -5.940644264221191|-5.925788402557373|-5.923130035400391|-5.846358299255371|
Batch results: -5.837560176849365|-5.827814102172852|-5.842399597167969|-5.899991512298584|
Batch results: -5.838334083557129|-5.913783073425293|-5.867589950561523|-5.820354461669922|
Batch results: -5.889222145080566|-5.875844478607178|-5.906587600708008|-5.907631874084473|
Batch results: -5.882579803466797|-5.958990097045898|-5.868969917297363|-5.912332057952881|
Batch results: -5.941938877105713|-5.914080619812012|-5.929494857788086|-5.9115800857543945|
Batch results: -5.864015102386475|-5.894443511962891|-5.947527885437012|-5.9113874435424805|
Batch results: -5.920739650726318|-5.906621932983398|-5.878701210021973|-5.890621662139893|
Batch results: -5.832187652587891|-5.866921424865723|-5.901711463928223|-5.849624156951904|
Batch results: -5.911739349365234|-5.903188705444336|-5.884830474853516|-5.890636444091797|
Batch results: -5.849385738372803|-5.9081597328186035|-5.908288478851318|-5.880980014801025|
Batch results: -5.885622501373291|-5.883686542510986|-5.926278114318848|-5.914026260375977|
Batch results: -5.93951940536499|-5.9044880867004395|-5.908815860748291|-5.884982109069824|
Batch results: -5.856547832489014|-5.927637100219727|-5.873852252960205|-5.91846227645874|
Batch results: -5.891605377197266|-5.8686113357543945|-5.886111259460449|-5.923976421356201|
Batch results: -5.871198654174805|-5.891241550445557|-5.87518310546875|-5.871352672576904|
Batch results: -5.870363235473633|-5.923842430114746|-5.86676025390625|-5.86998176574707|
Batch results: -5.917372226715088|-5.840533256530762|-5.8884196281433105|-5.8874006271362305|
Batch results: -5.861958980560303|-5.921461582183838|-5.910912036895752|-5.894909381866455|
Batch results: -5.820443153381348|-5.871820449829102|-5.850630283355713|-5.902892112731934|
Batch results: -5.853677749633789|-5.907510757446289|-5.908424377441406|-5.875469207763672|
Batch results: -5.895681858062744|-5.87901496887207|-5.911073684692383|-5.916796684265137|
Batch results: -5.909619331359863|-5.911402225494385|-5.894647121429443|-5.909300804138184|
Batch results: -5.844577789306641|-5.886579513549805|-5.914340496063232|-5.842399597167969|
Batch results: -5.87860107421875|-5.873621940612793|-5.855834007263184|-5.892391681671143|
Batch results: -5.896273136138916|-5.8695387840271|-5.819840908050537|-5.887044906616211|
Batch results: -5.91032075881958|-5.9021897315979|-5.848465442657471|-5.891211032867432|
Batch results: -5.889627933502197|-5.92166805267334|-5.885261535644531|-5.908825874328613|
Batch results: -5.902190208435059|-5.924419403076172|-5.894495010375977|-5.938036918640137|
Batch results: -5.8686089515686035|-5.915095806121826|-5.880677700042725|-5.93235969543457|
Batch results: -5.932214736938477|-5.9386138916015625|-5.919626235961914|-5.855639457702637|
Batch results: -5.90229606628418|-5.877311706542969|-5.863776206970215|-5.925803184509277|
Batch results: -5.8923234939575195|-5.889248371124268|-5.925014495849609|-5.912325859069824|
Batch results: -5.899369239807129|-5.897544860839844|-5.851306915283203|-5.870480060577393|
Batch results: -5.910467147827148|-5.845577239990234|-5.912809371948242|-5.863371849060059|
Batch results: -5.923192501068115|-5.876712799072266|-5.843770980834961|-5.937217712402344|
Batch results: -5.866568088531494|-5.88365364074707|-5.889590263366699|-5.891351699829102|
Batch results: -5.882657051086426|-5.875182151794434|-5.9029412269592285|-5.895028114318848|
Batch results: -5.872840404510498|-5.872912883758545|-5.907416820526123|-5.938560962677002|
Batch results: -5.93179988861084|-5.885531902313232|-5.868950366973877|-5.936985015869141|
Batch results: -5.942354679107666|-5.860803127288818|-5.945707321166992|-5.8996171951293945|
Batch results: -5.95020866394043|-5.863616466522217|-5.9121246337890625|-5.922216892242432|
Batch results: -5.900720596313477|-5.843231678009033|-5.9122514724731445|-5.92418909072876|
Batch results: -5.8768310546875|-5.948757171630859|-5.844929218292236|-5.880206108093262|
Batch results: -5.882899761199951|-5.939407825469971|-5.875319957733154|-5.796365261077881|
Batch results: -5.858458995819092|-5.9213457107543945|-5.865521430969238|-5.913500785827637|
Batch results: -5.878906726837158|-5.881494522094727|-5.9288740158081055|-5.878688812255859|
Batch results: -5.916140079498291|-5.891947269439697|-5.882095813751221|-5.940167427062988|
Batch results: -5.881832122802734|-5.851516246795654|-5.883264541625977|-5.9073991775512695|
Batch results: -5.901112079620361|-5.894186973571777|-5.932005882263184|-5.88041877746582|
Batch results: -5.884213447570801|-5.889200210571289|-5.943260669708252|-5.903133392333984|
Batch results: -5.862185955047607|-5.912623405456543|-5.921621799468994|-5.8522539138793945|
Batch results: -5.837716579437256|-5.8951416015625|-5.901554107666016|-5.874269485473633|
Batch results: -5.921843528747559|-5.928860664367676|-5.897003173828125|-5.8893303871154785|
Batch results: -5.92080545425415|-5.887310028076172|-5.89632511138916|-5.901610851287842|
Batch results: -5.890997886657715|-5.820676803588867|-5.913426876068115|-5.903473377227783|
Batch results: -5.904932975769043|-5.899945259094238|-5.880745887756348|-5.899641990661621|
Batch results: -5.8892717361450195|-5.841543197631836|-5.911247730255127|-5.901230812072754|
Batch results: -5.883955955505371|-5.909600257873535|-5.866242408752441|-5.907358646392822|
Batch results: -5.863650321960449|-5.912360668182373|-5.889972686767578|-5.9427409172058105|
Batch results: -5.891582489013672|-5.91447639465332|-5.8820576667785645|-5.889516353607178|
Batch results: -5.841076850891113|-5.87956428527832|-5.9259514808654785|-5.940064430236816|
Batch results: -5.925920486450195|-5.879788398742676|-5.897775650024414|-5.905210494995117|
Batch results: -5.872531414031982|-5.920310020446777|-5.947956085205078|-5.919704914093018|
Batch results: -5.844118595123291|-5.8759613037109375|-5.910309791564941|-5.887195587158203|
Batch results: -5.881943225860596|-5.908567905426025|-5.904805660247803|-5.906497955322266|
Batch results: -5.900608062744141|-5.853832244873047|-5.8759765625|-5.926968574523926|
Batch results: -5.92169713973999|-5.864450454711914|-5.894611358642578|-5.892839431762695|
Batch results: -5.899357318878174|-5.868593215942383|-5.901365280151367|-5.905028343200684|
Batch results: -5.940467834472656|-5.869019031524658|-5.816623687744141|-5.887112140655518|
Batch results: -5.8940019607543945|-5.879260063171387|-5.877086639404297|-5.927104473114014|
Batch results: -5.8601484298706055|-5.935410499572754|-5.88796329498291|-5.864367961883545|
Batch results: -5.873932838439941|-5.86212682723999|-5.847203731536865|-5.848437309265137|
Batch results: -5.91252326965332|-5.903785705566406|-5.828718662261963|-5.909553527832031|
Batch results: -5.906580924987793|-5.893021106719971|-5.925826549530029|-5.883174896240234|
Batch results: -5.920925140380859|-5.870687961578369|-5.799092769622803|-5.887332916259766|
Batch results: -5.8808465003967285|-5.9017534255981445|-5.886466026306152|-5.922450542449951|
Batch results: -5.896734714508057|-5.844085693359375|-5.897793292999268|-5.891070365905762|
Batch results: -5.919161796569824|-5.91462516784668|-5.934166431427002|-5.901076316833496|
Batch results: -5.915870666503906|-5.909361839294434|-5.85561466217041|-5.903594017028809|
Batch results: -5.823650360107422|-5.879644393920898|-5.918674468994141|-5.922821044921875|
Batch results: -5.927677631378174|-5.923340320587158|-5.9151458740234375|-5.885820388793945|
Batch results: -5.876935005187988|-5.934838771820068|-5.829006195068359|-5.899453163146973|
Batch results: -5.9119791984558105|-5.899074554443359|-5.889806747436523|-5.90740442276001|
Batch results: -5.840509414672852|-5.9341840744018555|-5.910068035125732|-5.9190216064453125|
Batch results: -5.9004716873168945|-5.875741004943848|-5.907945156097412|-5.893021583557129|
Batch results: -5.918036460876465|-5.875095844268799|-5.86032772064209|-5.887090682983398|
Batch results: -5.910146713256836|-5.876432418823242|-5.898731231689453|-5.911419868469238|
Batch results: -5.8723063468933105|-5.877980709075928|-5.915761470794678|-5.860893726348877|
Batch results: -5.920231819152832|-5.893706798553467|-5.8950395584106445|-5.943899154663086|
Batch results: -5.910782337188721|-5.870070934295654|-5.903801441192627|-5.804004192352295|
Batch results: -5.855900764465332|-5.91356086730957|-5.9222517013549805|-5.891178131103516|
Batch results: -5.892604827880859|-5.904171466827393|-5.9231672286987305|-5.852077007293701|
Batch results: -5.915687561035156|-5.895158767700195|-5.9005351066589355|-5.914868354797363|
Batch results: -5.912461757659912|-5.90643835067749|-5.883732318878174|-5.901489734649658|
Batch results: -5.92629337310791|-5.884366512298584|-5.851359844207764|-5.841198921203613|
Batch results: -5.837414264678955|-5.8629536628723145|-5.833636283874512|-5.893291473388672|
Batch results: -5.8071136474609375|-5.91041374206543|-5.920395374298096|-5.867711067199707|
Batch results: -5.853894233703613|-5.819715976715088|-5.9304399490356445|-5.925333023071289|
Batch results: -5.894899368286133|-5.930409908294678|-5.917778968811035|-5.879951477050781|
Batch results: -5.861578941345215|-5.88967752456665|-5.847033977508545|-5.923280715942383|
Batch results: -5.953627586364746|-5.903308868408203|-5.887730121612549|-5.901796340942383|
Batch results: -5.876112461090088|-5.882382392883301|-5.889315128326416|-5.935375213623047|
Batch results: -5.865621566772461|-5.92957878112793|-5.875064849853516|-5.907622337341309|
Batch results: -5.8709259033203125|-5.9122633934021|-5.89459228515625|-5.923469066619873|
Batch results: -5.861186504364014|-5.88855504989624|-5.885774612426758|-5.897381782531738|
Batch results: -5.874515056610107|-5.890730857849121|-5.859878063201904|-5.889298915863037|
Batch results: -5.9337286949157715|-5.881598472595215|-5.901945114135742|-5.912613391876221|
Batch results: -5.891795635223389|-5.900115489959717|-5.916136741638184|-5.883076190948486|
Batch results: -5.906348705291748|-5.820137977600098|-5.819203853607178|-5.820473670959473|
Batch results: -5.859432697296143|-5.916780471801758|-5.868582725524902|-5.892313003540039|
Batch results: -5.889625072479248|-5.847620487213135|-5.849813461303711|-5.894649028778076|
Batch results: -5.824818134307861|-5.917081356048584|-5.854065895080566|-5.93921422958374|
Batch results: -5.925254821777344|-5.884363651275635|-5.88641357421875|-5.823042869567871|
Batch results: -5.898599147796631|-5.881951332092285|-5.912479400634766|-5.895844459533691|
Batch results: -5.908124923706055|-5.901209831237793|-5.92775821685791|-5.930266380310059|
Batch results: -5.883731842041016|-5.853931427001953|-5.901137351989746|-5.873520374298096|
Batch results: -5.875270843505859|-5.908958435058594|-5.874753475189209|-5.843402862548828|
Batch results: -5.878798961639404|-5.901951313018799|-5.905227184295654|-5.881462097167969|
Batch results: -5.892822742462158|-5.924520492553711|-5.9244890213012695|-5.930152893066406|
Batch results: -5.895705699920654|-5.876150608062744|-5.904691219329834|-5.870654106140137|
Batch results: -5.926851272583008|-5.9096550941467285|-5.906894207000732|-5.914300918579102|
Batch results: -5.870548248291016|-5.870299816131592|-5.917853832244873|-5.882255554199219|
Batch results: -5.850472927093506|-5.898167610168457|-5.889751434326172|-5.8564300537109375|
Batch results: -5.880067348480225|-5.887539386749268|-5.944090843200684|-5.8866400718688965|
Batch results: -5.9364213943481445|-5.873479843139648|-5.904091835021973|-5.829646587371826|
Batch results: -5.9410810470581055|-5.877259254455566|-5.902280330657959|-5.918644905090332|
Batch results: -5.877058506011963|-5.917892932891846|-5.915930271148682|-5.847127914428711|
Batch results: -5.938100814819336|-5.925961017608643|-5.894205570220947|-5.901816368103027|
Batch results: -5.851119041442871|-5.868885517120361|-5.862117767333984|-5.90355110168457|
Batch results: -5.913905143737793|-5.9210052490234375|-5.880070209503174|-5.927610874176025|
Batch results: -5.919737339019775|-5.932805061340332|-5.897157192230225|-5.898728370666504|
Batch results: -5.912010192871094|-5.912398338317871|-5.890515327453613|-5.890855312347412|
Batch results: -5.864508152008057|-5.867598533630371|-5.910287857055664|-5.913148880004883|
Batch results: -5.868058204650879|-5.840971946716309|-5.934629440307617|-5.912878036499023|
Batch results: -5.902334213256836|-5.926029205322266|-5.907099723815918|-5.888279914855957|
Batch results: -5.91124153137207|-5.904845237731934|-5.915381908416748|-5.8932881355285645|
Batch results: -5.893725395202637|-5.886417388916016|-5.915783882141113|-5.90453577041626|
Batch results: -5.892495632171631|-5.8482255935668945|-5.925907135009766|-5.926885604858398|
Batch results: -5.909303665161133|-5.889511585235596|-5.898284435272217|-5.8809380531311035|
Batch results: -5.8584794998168945|-5.937304973602295|-5.921844959259033|-5.92042875289917|
Batch results: -5.887247085571289|-5.912618160247803|-5.86198616027832|-5.899341583251953|
Batch results: -5.87363338470459|-5.860774040222168|-5.860935211181641|-5.904144287109375|
Batch results: -5.8972859382629395|-5.894131183624268|-5.87532901763916|-5.834779739379883|
