Batch results: 1.0123753547668457|1.0118553638458252|0.9703987836837769|1.0183260440826416|
Batch results: 0.9825705289840698|0.9899086356163025|1.0253963470458984|0.9948135614395142|
Batch results: 0.9823092222213745|1.0201647281646729|0.9791283011436462|1.018998146057129|
Batch results: 0.990008533000946|0.9799753427505493|0.9886856079101562|0.9799225330352783|
Batch results: 0.9884836077690125|1.024657964706421|1.0208088159561157|0.994647204875946|
Batch results: 1.0145379304885864|0.9875299334526062|0.9728913307189941|0.9922884702682495|
Batch results: 0.9825482368469238|1.0195586681365967|1.0244312286376953|0.9714478254318237|
Batch results: 1.0301722288131714|0.9751698970794678|0.9886307120323181|1.0318424701690674|
Batch results: 0.9773354530334473|0.9707885980606079|1.0350316762924194|0.973348081111908|
Batch results: 1.028482437133789|1.006949782371521|1.0442938804626465|0.9686679840087891|
Batch results: 1.0242688655853271|0.9935330152511597|1.01442551612854|0.9943766593933105|
Batch results: 1.0194711685180664|0.9777418375015259|0.9970163702964783|1.0111980438232422|
Batch results: 0.9867076873779297|0.9801136255264282|0.98481285572052|1.0274070501327515|
Batch results: 1.0207650661468506|0.9998096227645874|0.9862321615219116|0.9745693206787109|
Batch results: 0.9700711965560913|0.9962100982666016|0.9758002161979675|0.9862691760063171|
Batch results: 0.9768049716949463|1.0282368659973145|1.0106678009033203|0.9635217189788818|
Batch results: 0.9775382876396179|1.0231068134307861|0.9741544723510742|1.02237868309021|
Batch results: 0.9911341071128845|0.9781577587127686|0.9768856763839722|0.9833423495292664|
Batch results: 0.9863886833190918|1.018128752708435|0.9781146049499512|0.9935029745101929|
Batch results: 0.9766290187835693|1.0277509689331055|1.023827314376831|1.0301316976547241|
Batch results: 0.9958924055099487|0.9772748947143555|1.0140933990478516|0.9625582098960876|
Batch results: 0.9874045252799988|0.9735549688339233|1.0253697633743286|0.9791030883789062|
Batch results: 1.0144720077514648|0.9910909533500671|0.9833658933639526|0.9912083148956299|
Batch results: 1.040440559387207|1.0225915908813477|0.9912788271903992|1.0151475667953491|
Batch results: 1.0111544132232666|0.9868747591972351|0.9842844009399414|1.0119881629943848|
Batch results: 0.9953448176383972|1.0235958099365234|1.0279595851898193|0.9740502834320068|
Batch results: 0.9868051409721375|0.9620558619499207|0.9719173312187195|0.9638001918792725|
Batch results: 0.9823540449142456|1.0201127529144287|1.017040729522705|1.0069622993469238|
Batch results: 0.9825090765953064|0.9836952686309814|0.9766353368759155|1.0334351062774658|
Batch results: 0.9830813407897949|1.0259920358657837|0.9816621541976929|1.0267353057861328|
Batch results: 0.9722905158996582|0.977102518081665|1.0144240856170654|1.0139014720916748|
Batch results: 0.9665741920471191|1.0244834423065186|1.0312260389328003|1.026719331741333|
Batch results: 1.024924635887146|1.0290241241455078|0.9787235260009766|0.9827429056167603|
Batch results: 0.9918060302734375|0.971644401550293|1.022359848022461|1.0158113241195679|
Batch results: 0.985533595085144|0.9794667959213257|0.9689473509788513|1.0123631954193115|
Batch results: 1.036069393157959|0.9875627756118774|0.988178014755249|1.0128798484802246|
Batch results: 1.0367754697799683|1.0297672748565674|1.026641845703125|1.0189855098724365|
Batch results: 1.0251530408859253|0.9826247692108154|0.9927486777305603|0.9818558692932129|
Batch results: 1.0279486179351807|0.9844333529472351|0.9930295944213867|1.0326308012008667|
Batch results: 1.030562162399292|0.9840351343154907|0.9707427024841309|0.9908207654953003|
Batch results: 1.0318098068237305|1.0335547924041748|0.9908676147460938|1.0160917043685913|
Batch results: 0.987890899181366|1.040648341178894|0.9806423187255859|1.0133283138275146|
Batch results: 1.0283551216125488|1.0119009017944336|0.9801845550537109|0.9903731346130371|
Batch results: 0.9879922270774841|0.9730809926986694|1.0105959177017212|1.0172418355941772|
Batch results: 0.981228768825531|0.9883236885070801|0.9892345666885376|0.9887706637382507|
Batch results: 1.0247324705123901|0.9704384803771973|0.9785696268081665|0.9784571528434753|
Batch results: 1.0206493139266968|0.9819027185440063|0.986291766166687|1.0422440767288208|
Batch results: 0.9851478934288025|1.0202102661132812|0.9751161336898804|1.0169813632965088|
Batch results: 1.0275111198425293|0.9904014468193054|0.987415075302124|1.0153206586837769|
Batch results: 1.0120849609375|0.9700689315795898|1.0154166221618652|1.0211156606674194|
Batch results: 0.9691355228424072|1.024338722229004|1.0154712200164795|0.9910182952880859|
Batch results: 0.9785416126251221|1.0020346641540527|0.9711521863937378|1.0134680271148682|
Batch results: 1.011155605316162|0.9903428554534912|1.0284552574157715|0.9994872808456421|
Batch results: 0.9921640157699585|1.0216758251190186|1.0244252681732178|0.9923014640808105|
Batch results: 0.9909433126449585|0.9667884707450867|1.0164767503738403|1.0163555145263672|
Batch results: 1.0049008131027222|0.9758986234664917|1.0134896039962769|1.0210394859313965|
Batch results: 1.0283842086791992|1.052293062210083|1.0194435119628906|1.0129542350769043|
Batch results: 0.9921407103538513|0.9783393740653992|0.9834465384483337|0.9850303530693054|
Batch results: 1.036526083946228|0.9697803854942322|1.0277280807495117|0.983428418636322|
Batch results: 1.0235079526901245|0.9825260043144226|0.972197413444519|1.0044686794281006|
Batch results: 1.0067883729934692|0.961115837097168|1.0116422176361084|0.9886031150817871|
Batch results: 1.0251410007476807|1.04395592212677|1.026249647140503|0.9740549325942993|
Batch results: 1.0214130878448486|1.0332199335098267|0.9807719588279724|1.0125079154968262|
Batch results: 1.0218627452850342|1.0285184383392334|0.9712936282157898|1.0047990083694458|
Batch results: 0.9804795980453491|0.9631366729736328|0.9849205017089844|0.992669939994812|
Batch results: 0.9817721247673035|0.9603514671325684|1.0262560844421387|1.0129714012145996|
Batch results: 1.0321787595748901|1.0367119312286377|0.9846652746200562|0.9652236700057983|
Batch results: 1.0209239721298218|1.0330185890197754|0.9840685725212097|0.9881141185760498|
Batch results: 1.024359107017517|0.9858350157737732|1.029885172843933|0.9880170226097107|
Batch results: 0.9914106726646423|1.0370969772338867|0.994227409362793|1.0192902088165283|
Batch results: 1.038149118423462|0.9782751798629761|1.0250130891799927|1.0318044424057007|
Batch results: 0.9838897585868835|0.9767632484436035|0.9898742437362671|1.0197123289108276|
Batch results: 0.9686721563339233|0.9630573987960815|0.9838958978652954|0.9814949035644531|
Batch results: 0.9917664527893066|0.9665941596031189|0.9881516695022583|0.9853376150131226|
Batch results: 1.0263216495513916|0.9775931239128113|0.9923663139343262|0.9751852750778198|
Batch results: 0.9809074401855469|0.9796204566955566|1.0239598751068115|0.9668084979057312|
Batch results: 1.0267962217330933|0.9779272079467773|0.9769636392593384|1.0053150653839111|
Batch results: 1.0378379821777344|1.0326714515686035|1.0294232368469238|1.0050055980682373|
Batch results: 0.9735448360443115|1.0204405784606934|0.9700230360031128|1.0327978134155273|
Batch results: 1.027188777923584|0.9855599403381348|0.9843817949295044|0.9762913584709167|
Batch results: 1.0143969058990479|1.0277912616729736|1.017232894897461|0.9869760274887085|
Batch results: 0.9820761680603027|0.9883367419242859|0.9849250316619873|1.0405007600784302|
Batch results: 0.9861795902252197|0.9969695806503296|0.9826077818870544|0.9862620234489441|
Batch results: 1.021721363067627|0.9774925708770752|0.9822825193405151|1.0177688598632812|
Batch results: 0.9898144602775574|0.9696139693260193|0.9771799445152283|1.0309278964996338|
Batch results: 1.0138022899627686|0.9915174245834351|1.033001184463501|0.9885492324829102|
Batch results: 1.031351089477539|0.9872025847434998|1.025608777999878|0.9869784116744995|
Batch results: 1.0232633352279663|1.0246598720550537|1.0218364000320435|1.021190881729126|
Batch results: 1.024440050125122|0.9920575022697449|0.9891732931137085|0.990545392036438|
Batch results: 1.0282760858535767|1.026491403579712|1.0267388820648193|0.9796435236930847|
Batch results: 0.9694921970367432|1.0248889923095703|1.0230979919433594|0.9860860109329224|
Batch results: 1.0341622829437256|1.0284454822540283|1.0284724235534668|0.9859244227409363|
Batch results: 0.9787529706954956|1.0118440389633179|0.994780421257019|0.982190728187561|
Batch results: 0.983788013458252|0.968015193939209|0.9920579791069031|0.9890139102935791|
Batch results: 0.9910544157028198|0.9811855554580688|0.9888312220573425|0.9901928901672363|
Batch results: 1.0299794673919678|0.9891935586929321|1.0317620038986206|1.0169603824615479|
Batch results: 1.0101490020751953|0.9753059148788452|0.9945968985557556|1.013230562210083|
Batch results: 0.9825649261474609|1.032916784286499|1.0011224746704102|1.0168242454528809|
Batch results: 1.028777003288269|0.9952014684677124|0.9776741862297058|0.978969931602478|
Batch results: 0.9873046875|0.9872888326644897|1.0141202211380005|1.0137405395507812|
Batch results: 0.9779550433158875|1.008777141571045|0.9852015376091003|0.9723566770553589|
Batch results: 0.977031409740448|0.9781641364097595|0.9856158494949341|0.9715988636016846|
Batch results: 1.0220437049865723|1.0208740234375|0.9894458651542664|1.0272719860076904|
Batch results: 0.9908854961395264|1.031599521636963|1.0242878198623657|1.0266823768615723|
Batch results: 0.9853978157043457|0.980806827545166|0.9817413687705994|0.9875942468643188|
Batch results: 1.0117806196212769|0.9825453162193298|1.0117003917694092|1.0230631828308105|
Batch results: 1.0319947004318237|0.9778398871421814|0.9721121788024902|0.981002688407898|
Batch results: 1.0303094387054443|0.9875661134719849|1.0170493125915527|0.9780415892601013|
Batch results: 0.986467719078064|0.9842847585678101|1.0090041160583496|0.9808626174926758|
Batch results: 1.0216602087020874|1.0270371437072754|0.9925597906112671|0.9869838953018188|
Batch results: 1.0042999982833862|1.0316174030303955|0.9928163290023804|1.0273821353912354|
Batch results: 1.0221874713897705|0.9854685664176941|0.985238254070282|1.0346729755401611|
Batch results: 1.0295724868774414|0.9574570655822754|0.9638559222221375|1.0028150081634521|
Batch results: 1.0137252807617188|1.0223615169525146|1.0125998258590698|1.0098577737808228|
Batch results: 1.003152847290039|0.9937083721160889|1.0161758661270142|1.0144636631011963|
Batch results: 0.9897634983062744|0.9960026741027832|0.9802756309509277|0.9808382987976074|
Batch results: 1.041900634765625|1.0101797580718994|0.9807056188583374|1.0129961967468262|
Batch results: 0.9835134744644165|1.016687273979187|1.0320141315460205|1.041891098022461|
Batch results: 1.0359452962875366|0.9539813995361328|1.0129283666610718|1.0079401731491089|
Batch results: 1.0271471738815308|0.98162841796875|1.0111992359161377|1.0209674835205078|
Batch results: 1.0300668478012085|0.9760729074478149|0.9804677963256836|0.979690432548523|
Batch results: 0.9785957336425781|1.0221587419509888|1.0126354694366455|1.0186333656311035|
Batch results: 1.0248219966888428|1.0084247589111328|0.9817118048667908|0.9867143630981445|
Batch results: 0.9770019054412842|1.0142003297805786|1.014965534210205|1.0196993350982666|
Batch results: 0.9607028961181641|0.9647960066795349|0.9762468338012695|1.0065481662750244|
Batch results: 0.9793846011161804|0.9713122248649597|0.9729104042053223|0.9767622947692871|
Batch results: 0.9700945615768433|1.015148401260376|1.0301830768585205|1.0068533420562744|
Batch results: 0.9754966497421265|1.0149644613265991|1.0135433673858643|1.0117641687393188|
Batch results: 1.01254403591156|1.0359939336776733|1.0146543979644775|0.978330135345459|
Batch results: 0.9907679557800293|0.9798032641410828|0.9822731018066406|0.9830343127250671|
Batch results: 1.0172065496444702|1.000624656677246|0.9796875715255737|0.9783755540847778|
Batch results: 0.9675194621086121|1.0062055587768555|0.9954887628555298|0.9844533801078796|
Batch results: 0.9582661986351013|1.0290989875793457|0.9601049423217773|1.0273761749267578|
Batch results: 0.9746018648147583|0.9825263023376465|0.9733144044876099|0.9819170832633972|
Batch results: 0.9497933387756348|0.9739052653312683|1.0059783458709717|0.9752652049064636|
Batch results: 0.9842236042022705|1.0103368759155273|0.982414186000824|0.9799942970275879|
Batch results: 0.9927150011062622|0.9740630388259888|1.0367145538330078|1.0361436605453491|
Batch results: 0.9798315763473511|1.0347976684570312|0.9837062358856201|1.0391312837600708|
Batch results: 1.0147136449813843|0.9912533760070801|1.0077581405639648|0.9951553344726562|
Batch results: 0.9880156517028809|1.0002976655960083|0.9819759130477905|0.9807590246200562|
Batch results: 0.9759308695793152|1.0129563808441162|1.016913890838623|1.021868348121643|
Batch results: 0.9556611776351929|1.0089107751846313|0.9869922399520874|0.9762765765190125|
Batch results: 0.9703933000564575|1.0016590356826782|0.9881410598754883|0.997861385345459|
Batch results: 0.9960424900054932|0.9803879261016846|0.9678902626037598|0.9823622703552246|
Batch results: 0.9818193316459656|1.0183594226837158|0.9793874621391296|0.9652637243270874|
Batch results: 0.9854412078857422|1.0119435787200928|0.9794051051139832|0.9825607538223267|
Batch results: 0.9783719778060913|0.9696080088615417|1.0132113695144653|0.9750409126281738|
Batch results: 1.0355714559555054|1.0016717910766602|0.9786030650138855|0.9819818735122681|
Batch results: 1.024397850036621|0.9875220060348511|1.00706148147583|0.9801694750785828|
Batch results: 0.9759010076522827|1.0150319337844849|0.9799768328666687|1.0376862287521362|
Batch results: 0.980826735496521|1.0128300189971924|1.0377670526504517|1.0082685947418213|
Batch results: 0.9845527410507202|0.9757504463195801|0.9823545813560486|0.976473331451416|
Batch results: 0.9853783845901489|0.9980952143669128|0.9804262518882751|1.028740406036377|
Batch results: 1.0323834419250488|0.9726576805114746|0.9809951186180115|1.0057482719421387|
Batch results: 1.004400610923767|0.9576424956321716|1.0220105648040771|0.9766319990158081|
Batch results: 0.9862431287765503|1.0223960876464844|0.9774751663208008|1.0334866046905518|
Batch results: 1.0251526832580566|1.0414527654647827|1.0125470161437988|1.0189707279205322|
Batch results: 1.043816089630127|0.9764602184295654|0.988153874874115|0.9822145700454712|
Batch results: 1.0214543342590332|1.0036358833312988|1.0357006788253784|1.0247029066085815|
Batch results: 1.0011436939239502|0.9850186705589294|1.0275850296020508|0.9880825281143188|
Batch results: 1.0097752809524536|1.0240294933319092|0.9893651008605957|0.9900526404380798|
Batch results: 0.9679681658744812|0.9733213186264038|1.007946252822876|0.9957696199417114|
Batch results: 0.9753584861755371|1.0074450969696045|1.0098541975021362|0.9667890071868896|
Batch results: 0.978226363658905|1.0115137100219727|1.0042922496795654|1.018198847770691|
Batch results: 0.9826509952545166|1.0201139450073242|0.9728841781616211|0.9712883830070496|
Batch results: 1.0056993961334229|0.9998862743377686|1.023967981338501|1.01523756980896|
Batch results: 0.9707140922546387|1.0277551412582397|0.9728028178215027|0.9774297475814819|
Batch results: 0.9850177764892578|1.042635202407837|1.0291944742202759|0.9673208594322205|
Batch results: 0.9785632491111755|0.9896649122238159|1.0102003812789917|1.0094009637832642|
Batch results: 0.9703509211540222|0.9777346849441528|0.9923598170280457|0.9735740423202515|
Batch results: 1.00534987449646|0.9769678115844727|1.001147747039795|1.0196847915649414|
Batch results: 0.9673783779144287|0.9861440658569336|0.9804247617721558|1.0180062055587769|
Batch results: 0.9774727821350098|1.0155266523361206|0.9672120809555054|1.0193016529083252|
Batch results: 1.003619909286499|1.0122849941253662|1.0004099607467651|1.0182249546051025|
Batch results: 1.0011582374572754|0.9714932441711426|0.9766201972961426|1.0236748456954956|
Batch results: 0.9758502840995789|0.976759135723114|0.987362265586853|0.9707743525505066|
Batch results: 1.0174078941345215|0.9691265821456909|0.9680365920066833|1.0035841464996338|
Batch results: 1.0025694370269775|1.01939058303833|0.9895069003105164|0.9707693457603455|
