Batch results: -0.1068229079246521|0.056814685463905334|0.09063579887151718|-0.02159501239657402|
Batch results: 0.07667957991361618|0.11118519306182861|-0.06982828676700592|0.09879463911056519|
Batch results: 0.1008889377117157|-0.04805799201130867|0.13068453967571259|-0.07544468343257904|
Batch results: 0.0566706657409668|0.09247594326734543|0.11742696911096573|0.09202926605939865|
Batch results: 0.09489643573760986|-0.14169739186763763|-0.0692928284406662|0.08452751487493515|
Batch results: -0.09601377695798874|0.029903708025813103|0.10756049305200577|0.10076611489057541|
Batch results: 0.06962268799543381|-0.041161324828863144|-0.03590910881757736|0.07390905171632767|
Batch results: -0.07710450142621994|0.09189299494028091|0.08385072648525238|-0.08586534857749939|
Batch results: 0.139497771859169|0.13245606422424316|-0.04507967084646225|0.13568302989006042|
Batch results: 0.012700719758868217|-0.010595373809337616|-0.12948104739189148|0.11758428812026978|
Batch results: -0.07720322906970978|0.0866754800081253|0.005176686216145754|0.09419381618499756|
Batch results: -0.10687112808227539|0.09082536399364471|0.08770263940095901|-0.1077076718211174|
Batch results: 0.05724157765507698|0.056751932948827744|0.05752445012331009|-0.1251494139432907|
Batch results: -0.06345928460359573|-0.1302267462015152|0.12612302601337433|0.11787644028663635|
Batch results: 0.04176429659128189|0.014996766112744808|0.06472169607877731|0.07991296052932739|
Batch results: 0.08933023363351822|-0.16515964269638062|-0.04955117031931877|0.05560074746608734|
Batch results: 0.12178374826908112|-0.03325352817773819|0.0900445282459259|-0.08155228197574615|
Batch results: -0.007168711628764868|0.100956492125988|0.07663338631391525|0.11538059264421463|
Batch results: 0.039404187351465225|-0.051098257303237915|0.06212212145328522|0.08089475333690643|
Batch results: 0.10671673715114594|0.12468501180410385|-0.04582545906305313|-0.17823481559753418|
Batch results: 0.04764629155397415|0.09397155046463013|0.014156365767121315|0.07606887817382812|
Batch results: 0.102200947701931|0.0821790024638176|-0.057621318846940994|0.14898504316806793|
Batch results: -0.16108760237693787|0.12774957716464996|0.07252705097198486|0.06056652218103409|
Batch results: -0.10309140384197235|0.06225062534213066|0.11582505702972412|-0.042953524738550186|
Batch results: -0.08404336869716644|0.10865062475204468|-0.1337396502494812|-0.13505728542804718|
Batch results: 0.1389526128768921|-0.11846787482500076|-0.028593022376298904|0.16713738441467285|
Batch results: 0.09175775945186615|0.06398065388202667|0.07381972670555115|0.06805816292762756|
Batch results: 0.1318288892507553|-0.173553466796875|-0.0578032024204731|-0.13810080289840698|
Batch results: 0.11257946491241455|0.12356320023536682|0.08038181811571121|-0.054707448929548264|
Batch results: 0.07035811245441437|-0.05248258262872696|0.10608667135238647|-0.09283267706632614|
Batch results: 0.11941056698560715|0.10179160535335541|-0.032160136848688126|-0.1326088309288025|
Batch results: 0.06498274207115173|-0.10200437903404236|0.045987166464328766|-0.16525937616825104|
Batch results: -0.0023668177891522646|-0.014060206711292267|0.18040961027145386|0.13143418729305267|
Batch results: -0.12716183066368103|0.1102835014462471|-0.07688303291797638|-0.10710856318473816|
Batch results: 0.13097217679023743|0.044195860624313354|0.08703017234802246|-0.04515409469604492|
Batch results: 0.005675456486642361|0.09232841432094574|0.11304143816232681|-0.0871448963880539|
Batch results: -0.10532141476869583|-0.045923300087451935|-0.04221890866756439|-0.11309266835451126|
Batch results: -0.059975218027830124|0.16263869404792786|0.11382736265659332|0.06483885645866394|
Batch results: -0.07824745029211044|0.1263393759727478|0.09265419840812683|-0.16398727893829346|
Batch results: -0.11885206401348114|0.07915885001420975|0.07633882015943527|0.1916300505399704|
Batch results: -0.06471674889326096|-0.023399272933602333|0.10729766637086868|-0.07412561029195786|
Batch results: 0.08037155866622925|0.020021963864564896|0.06761844456195831|-0.07764200121164322|
Batch results: -0.10339003056287766|-0.03519068658351898|0.08429577946662903|0.10636897385120392|
Batch results: 0.08620697259902954|0.08523091673851013|-0.07773028314113617|0.0009080322925001383|
Batch results: 0.08781744539737701|0.05922148376703262|0.06139833852648735|0.06717253476381302|
Batch results: -0.12075957655906677|0.12074428796768188|0.10884285718202591|0.09056099504232407|
Batch results: -0.06321156769990921|0.075823575258255|0.13610708713531494|0.008790566585958004|
Batch results: 0.10638636350631714|0.010985267348587513|0.0952262282371521|-0.14564821124076843|
Batch results: -0.12146306037902832|0.0948544442653656|0.12958595156669617|0.007134348154067993|
Batch results: -0.015538223087787628|0.186945378780365|0.0700581967830658|-0.08847744762897491|
Batch results: 0.141590416431427|-0.010290071368217468|-0.11718161404132843|0.056473150849342346|
Batch results: 0.0968606024980545|-0.12164104729890823|0.10106293857097626|-0.07662606239318848|
Batch results: -0.12013646960258484|0.21108223497867584|-0.017699172720313072|-0.15799911320209503|
Batch results: 0.05900757387280464|-0.05164925009012222|-0.15952926874160767|0.016675256192684174|
Batch results: 0.04893341660499573|0.09347166866064072|-0.10039164870977402|-0.12503597140312195|
Batch results: -0.035131942480802536|0.09324324131011963|0.04372917860746384|-0.06677258759737015|
Batch results: -0.13568726181983948|-0.07278376817703247|-0.10798393189907074|-0.024718966335058212|
Batch results: 0.09915703535079956|0.1856805980205536|0.11695296317338943|0.08893157541751862|
Batch results: -0.117421954870224|0.06683141738176346|-0.052322156727313995|0.08473362028598785|
Batch results: -0.010861292481422424|0.07464102655649185|0.07404251396656036|-0.16947327554225922|
Batch results: -0.012268773280084133|0.0998060330748558|-0.13959167897701263|0.16449005901813507|
Batch results: -0.08575189858675003|-0.01168035063892603|-0.02055290713906288|0.1138099879026413|
Batch results: 0.01873674988746643|-0.11999472975730896|0.06546781212091446|-0.07298007607460022|
Batch results: -0.03113754466176033|-0.04587490111589432|0.061296552419662476|-0.033665142953395844|
Batch results: 0.12000085413455963|0.06998835504055023|0.07159566879272461|0.15672117471694946|
Batch results: 0.10696834325790405|0.09014290571212769|0.0682307630777359|-0.09890906512737274|
Batch results: -0.021845176815986633|-0.0009971847757697105|0.11057181656360626|0.21461549401283264|
Batch results: 0.04009270668029785|-0.09644879400730133|0.09324222058057785|0.10719335079193115|
Batch results: -0.016029395163059235|0.10797876864671707|-0.12086667865514755|0.1394682079553604|
Batch results: 0.11464488506317139|-0.11417059600353241|0.04900548979640007|-0.07091493904590607|
Batch results: -0.07862410694360733|0.052356235682964325|-0.013880268670618534|-0.05123834311962128|
Batch results: 0.15983647108078003|0.06975416839122772|0.10439980030059814|-0.00019880651962012053|
Batch results: 0.09207024425268173|0.1012788787484169|0.07762478291988373|0.13945192098617554|
Batch results: 0.10691310465335846|0.16696572303771973|0.12960024178028107|0.050827715545892715|
Batch results: -0.06359436362981796|0.10027994215488434|0.1043240875005722|0.09040215611457825|
Batch results: 0.08592606335878372|0.09489335864782333|-0.08766471594572067|0.14801092445850372|
Batch results: -0.11747705936431885|0.06561476737260818|0.07181748002767563|-0.05640604346990585|
Batch results: -0.09326911717653275|0.038354821503162384|-0.031533993780612946|-0.08115511387586594|
Batch results: 0.11024466156959534|-0.046934619545936584|0.18570086359977722|-0.06278812140226364|
Batch results: -0.06283557415008545|0.07640758901834488|0.0802084356546402|0.15393640100955963|
Batch results: 0.0324118472635746|-0.01772926189005375|-0.08406323194503784|0.13803748786449432|
Batch results: 0.08032026886940002|0.11181999742984772|0.08389481157064438|-0.10666252672672272|
Batch results: 0.07222206890583038|0.15377262234687805|0.119483083486557|0.09420713782310486|
Batch results: -0.11474920809268951|0.09466291218996048|0.08373585343360901|-0.12337640672922134|
Batch results: 0.0937267392873764|0.08310823142528534|0.07437309622764587|-0.14255626499652863|
Batch results: -0.004396549891680479|0.10697753727436066|-0.03220638632774353|0.22157883644104004|
Batch results: -0.08885141462087631|0.13530585169792175|-0.15548938512802124|0.08891107141971588|
Batch results: -0.04853590577840805|0.02061181701719761|-0.1034654751420021|0.014783832244575024|
Batch results: -0.08597829192876816|0.05508529022336006|0.13087323307991028|0.11877529323101044|
Batch results: -0.11811572313308716|-0.10102382302284241|-0.00598068255931139|0.08541752398014069|
Batch results: 0.11345025151968002|-0.12783324718475342|-0.009270569309592247|0.14880794286727905|
Batch results: 0.10535835474729538|-0.1713929921388626|0.03968970477581024|0.09203027933835983|
Batch results: 0.08740845322608948|-0.05016039311885834|0.06067860499024391|0.12664960324764252|
Batch results: 0.03278527036309242|0.09085404872894287|-0.0713377445936203|0.0793692022562027|
Batch results: 0.04170452058315277|0.11327344179153442|0.08627258986234665|0.10292031615972519|
Batch results: -0.06814637035131454|0.13189618289470673|-0.21533258259296417|-0.028929617255926132|
Batch results: -0.1060619130730629|0.07258763164281845|0.11685387045145035|0.0026441081427037716|
Batch results: 0.1255127489566803|-0.014246371574699879|0.11799492686986923|-0.0223418977111578|
Batch results: -0.14155584573745728|0.10024207830429077|0.0784016028046608|0.1416393220424652|
Batch results: 0.09340918809175491|0.06205632537603378|0.017119629308581352|-0.092523954808712|
Batch results: 0.06751365214586258|-0.020771903917193413|0.08234516531229019|0.0759662389755249|
Batch results: 0.10133619606494904|0.019822584465146065|0.12485852837562561|0.1606578230857849|
Batch results: -0.04741768538951874|-0.006160974036902189|0.10244858264923096|-0.09110496938228607|
Batch results: 0.10416346788406372|-0.061344798654317856|-0.08144776523113251|-0.09019522368907928|
Batch results: 0.1086219847202301|0.13967302441596985|0.11360865831375122|0.12296906858682632|
Batch results: -0.09220528602600098|0.06866531074047089|-0.05061551183462143|-0.13132520020008087|
Batch results: 0.06289518624544144|0.08689896762371063|0.08941837400197983|0.07131530344486237|
Batch results: -0.0900639146566391|0.10443560034036636|0.005146676674485207|0.13698673248291016|
Batch results: 0.10669013857841492|0.10604269057512283|-0.13649344444274902|0.07165522873401642|
Batch results: -0.05046449601650238|-0.12179698050022125|0.1324203759431839|0.08119530975818634|
Batch results: -0.17191576957702637|-0.06404757499694824|0.0953071191906929|0.03972680866718292|
Batch results: -0.06729066371917725|0.07409076392650604|0.09734184294939041|-0.02779729850590229|
Batch results: -0.05863243713974953|0.23301339149475098|0.07712705433368683|-0.02534046396613121|
Batch results: -0.05261540412902832|-0.023407578468322754|-0.030045978724956512|-0.06115032359957695|
Batch results: -0.12654665112495422|-0.10400880128145218|-0.14713351428508759|-0.0986582487821579|
Batch results: -0.05484864115715027|-0.10387886315584183|0.09284782409667969|0.0994037389755249|
Batch results: -0.08529859781265259|-0.15816625952720642|0.10140475630760193|-0.17275333404541016|
Batch results: -0.10277602821588516|-0.06796791404485703|-0.09926986694335938|-0.009472180157899857|
Batch results: -0.0913686603307724|0.11498618870973587|-0.043963976204395294|-0.09908135235309601|
Batch results: -0.13685527443885803|0.08175846189260483|0.023849623277783394|-0.14372733235359192|
Batch results: -0.12449605762958527|0.1077333390712738|0.11907047033309937|0.10152040421962738|
Batch results: 0.11608457565307617|-0.1481066644191742|-0.0009309093002229929|-0.05471266061067581|
Batch results: -0.05923081934452057|-0.06851319968700409|0.07841391861438751|0.10345852375030518|
Batch results: 0.12242083251476288|-0.025238173082470894|-0.10304215550422668|0.022820059210062027|
Batch results: 0.08769545704126358|0.08864869177341461|0.08253799378871918|-0.110282301902771|
Batch results: 0.06601656973361969|0.08196668326854706|0.09197700768709183|0.16294048726558685|
Batch results: 0.08893464505672455|-0.06767519563436508|-0.059361137449741364|-0.0773191899061203|
Batch results: 0.09947334229946136|-0.11568830162286758|0.007234702818095684|-0.14297465980052948|
Batch results: 0.007685767021030188|-0.05054052174091339|0.01692948117852211|0.0907772034406662|
Batch results: 0.13285477459430695|0.040049418807029724|0.0887552797794342|0.10060440003871918|
Batch results: -0.14165161550045013|-0.11727869510650635|0.06271220743656158|0.08284671604633331|
Batch results: 0.09786095470190048|-0.028629381209611893|0.09344197064638138|0.04879647493362427|
Batch results: 0.1050555631518364|-0.05608505755662918|0.08481360226869583|-0.08058813214302063|
Batch results: 0.1028517559170723|0.0632292702794075|0.08817311376333237|0.09352186322212219|
Batch results: 0.12974610924720764|0.08626439422369003|-0.013852267526090145|0.07750266045331955|
Batch results: 0.09320737421512604|-0.09618076682090759|0.11313138902187347|0.14541783928871155|
Batch results: 0.2176172137260437|0.09551707655191422|-0.138748899102211|-0.010582934133708477|
Batch results: 0.12692919373512268|-0.07176943868398666|0.1416199654340744|-0.07294092327356339|
Batch results: -0.09304880350828171|0.10675355792045593|0.01970791071653366|-0.03515741974115372|
Batch results: 0.11111568659543991|-0.07689609378576279|0.0824713259935379|0.059714071452617645|
Batch results: 0.11933089792728424|0.016494400799274445|-0.0077791097573935986|-0.06014516204595566|
Batch results: 0.10673309862613678|-0.11787430942058563|0.09302094578742981|0.14120125770568848|
Batch results: 0.08446599543094635|-0.04785964637994766|0.08602961897850037|-0.04539192095398903|
Batch results: -0.12906748056411743|0.1265934705734253|0.10135972499847412|0.05025947093963623|
Batch results: 0.11675988137722015|-0.006002441048622131|0.09489643573760986|0.14130517840385437|
Batch results: 0.06960830837488174|-0.06317193806171417|0.10013050585985184|0.10406523942947388|
Batch results: 0.11968427151441574|0.09652064740657806|-0.011718196794390678|0.08514171838760376|
Batch results: -0.1208997443318367|-0.09073510020971298|0.09503982216119766|0.18560761213302612|
Batch results: -0.056051187217235565|0.08258824050426483|-0.12527179718017578|0.06592614203691483|
Batch results: 0.10056550800800323|-0.0217283982783556|0.13846451044082642|-0.06026298180222511|
Batch results: 0.1265455186367035|0.018138501793146133|0.05195174366235733|-0.11329513043165207|
Batch results: 0.12477482855319977|0.08336872607469559|0.06743454188108444|0.06363735347986221|
Batch results: 0.060096606612205505|-0.08140543103218079|0.110445037484169|-0.1317535787820816|
Batch results: 0.07644762098789215|0.06126981973648071|0.05515627935528755|-0.12113441526889801|
Batch results: -0.08608705550432205|0.06666085124015808|-0.10747861117124557|0.14612549543380737|
Batch results: -0.12871280312538147|0.0009856817778199911|0.1402374804019928|-0.08346836268901825|
Batch results: -0.06288094818592072|0.08564002066850662|-0.07605363428592682|0.0002795639738906175|
Batch results: -0.022374076768755913|0.044700637459754944|0.1523544192314148|0.03816719725728035|
Batch results: -0.09673882275819778|-0.021815074607729912|0.0955221876502037|-0.018995169550180435|
Batch results: -0.03817861154675484|0.06011614575982094|-0.1391928791999817|-0.07015082240104675|
Batch results: -0.13768579065799713|-0.13153228163719177|0.19736593961715698|0.1997077763080597|
Batch results: 0.11941465735435486|0.1519891619682312|-0.09961968660354614|-0.003825235413387418|
Batch results: 0.07628237456083298|-0.06716544926166534|-0.058214422315359116|0.1270098090171814|
Batch results: 0.08897767961025238|-0.08179426193237305|-0.03785569593310356|-0.15501344203948975|
Batch results: 0.09359561651945114|-0.03714127093553543|0.10086949169635773|0.07568807899951935|
Batch results: 0.032746072858572006|-0.06684562563896179|-0.06931840628385544|0.021405115723609924|
Batch results: 0.10239128023386002|-0.08124656975269318|0.08373484015464783|0.0527370348572731|
Batch results: 0.13418541848659515|-0.10471093654632568|-0.0345284566283226|0.0807788297533989|
Batch results: 0.09685036540031433|-0.00667803967371583|-0.12025195360183716|-0.05230601504445076|
Batch results: 0.08796708285808563|0.10568979382514954|0.11269495636224747|0.1222870945930481|
Batch results: -0.02122652530670166|0.14955908060073853|-0.06670893728733063|-0.14024880528450012|
Batch results: 0.07124444097280502|0.19084912538528442|0.07948513329029083|-0.04448121413588524|
Batch results: 0.1439555138349533|0.0021782899275422096|0.07482478022575378|-0.014533663168549538|
Batch results: -0.2006881833076477|-0.03956295922398567|-0.07276549935340881|0.007604039274156094|
Batch results: -0.10904338955879211|0.09959413856267929|0.11079161614179611|-0.09896770864725113|
Batch results: 0.09147395193576813|0.1396017074584961|0.07377763092517853|0.09893999993801117|
Batch results: -0.040991224348545074|0.07521896809339523|0.10929584503173828|-0.09195570647716522|
Batch results: -0.0074749416671693325|-0.03244282677769661|0.08473362028598785|0.0851796567440033|
